2023-08-31T13:02:11.341422+00:00 INFO 'ansible_navigator.setup_logger' New ansible-navigator instance, logging initialized
2023-08-31T13:02:11.342094+00:00 INFO 'ansible_navigator.setup_logger' New ansible-runner instance, logging initialized
2023-08-31T13:02:11.345976+00:00 DEBUG 'ansible_navigator.main' Jinja2==3.1.2 
2023-08-31T13:02:11.346207+00:00 DEBUG 'ansible_navigator.main' MarkupSafe==2.1.0 
2023-08-31T13:02:11.346437+00:00 DEBUG 'ansible_navigator.main' PyYAML==5.4.1 
2023-08-31T13:02:11.346641+00:00 DEBUG 'ansible_navigator.main' Pygments==2.11.2 
2023-08-31T13:02:11.346896+00:00 DEBUG 'ansible_navigator.main' ansible-builder==3.0.0 
2023-08-31T13:02:11.347103+00:00 DEBUG 'ansible_navigator.main' ansible-compat==3.0.2 
2023-08-31T13:02:11.347309+00:00 DEBUG 'ansible_navigator.main' ansible-core==2.15.0 
2023-08-31T13:02:11.347506+00:00 DEBUG 'ansible_navigator.main' ansible-lint==6.14.3 
2023-08-31T13:02:11.347701+00:00 DEBUG 'ansible_navigator.main' ansible-navigator==3.3.1 
2023-08-31T13:02:11.347917+00:00 DEBUG 'ansible_navigator.main' ansible-runner==2.3.2 
2023-08-31T13:02:11.348116+00:00 DEBUG 'ansible_navigator.main' attrs==21.4.0 /usr/lib/python3.9/site-packages/attrs/__init__.py
2023-08-31T13:02:11.348312+00:00 DEBUG 'ansible_navigator.main' bindep==2.10.2 /usr/lib/python3.9/site-packages/bindep/__init__.py
2023-08-31T13:02:11.348517+00:00 DEBUG 'ansible_navigator.main' black==22.8.0 /usr/lib/python3.9/site-packages/black/__init__.py
2023-08-31T13:02:11.348720+00:00 DEBUG 'ansible_navigator.main' bracex==2.2.1 /usr/lib/python3.9/site-packages/bracex/__init__.py
2023-08-31T13:02:11.349966+00:00 DEBUG 'ansible_navigator.main' certifi==2022.12.7 /usr/lib/python3.9/site-packages/certifi/__init__.py
2023-08-31T13:02:11.350173+00:00 DEBUG 'ansible_navigator.main' cffi==1.15.0 /usr/lib64/python3.9/site-packages/cffi/__init__.py
2023-08-31T13:02:11.350380+00:00 DEBUG 'ansible_navigator.main' charset-normalizer==2.0.11 
2023-08-31T13:02:11.350576+00:00 DEBUG 'ansible_navigator.main' click==8.1.3 /usr/lib/python3.9/site-packages/click/__init__.py
2023-08-31T13:02:11.350771+00:00 DEBUG 'ansible_navigator.main' commonmark==0.9.1 /usr/lib/python3.9/site-packages/commonmark/__init__.py
2023-08-31T13:02:11.350978+00:00 DEBUG 'ansible_navigator.main' cryptography==38.0.4 /usr/lib64/python3.9/site-packages/cryptography/__init__.py
2023-08-31T13:02:11.351184+00:00 DEBUG 'ansible_navigator.main' dasbus==1.4 /usr/lib/python3.9/site-packages/dasbus/__init__.py
2023-08-31T13:02:11.351378+00:00 DEBUG 'ansible_navigator.main' dbus-python==1.2.18 
2023-08-31T13:02:11.351572+00:00 DEBUG 'ansible_navigator.main' decorator==4.4.2 /usr/lib/python3.9/site-packages/decorator.py
2023-08-31T13:02:11.351772+00:00 DEBUG 'ansible_navigator.main' distro==1.6.0 /usr/lib/python3.9/site-packages/distro.py
2023-08-31T13:02:11.356736+00:00 DEBUG 'ansible_navigator.main' docutils==0.16 /usr/lib/python3.9/site-packages/docutils/__init__.py
2023-08-31T13:02:11.359309+00:00 DEBUG 'ansible_navigator.main' ethtool==0.15 /usr/lib64/python3.9/site-packages/ethtool.cpython-39-x86_64-linux-gnu.so
2023-08-31T13:02:11.362952+00:00 DEBUG 'ansible_navigator.main' file-magic==0.4.0 
2023-08-31T13:02:11.363176+00:00 DEBUG 'ansible_navigator.main' filelock==3.8.0 /usr/lib/python3.9/site-packages/filelock/__init__.py
2023-08-31T13:02:11.363381+00:00 DEBUG 'ansible_navigator.main' future==0.18.3 /usr/lib/python3.9/site-packages/future/__init__.py
2023-08-31T13:02:11.363582+00:00 DEBUG 'ansible_navigator.main' idna==3.3 /usr/lib/python3.9/site-packages/idna/__init__.py
2023-08-31T13:02:11.363789+00:00 DEBUG 'ansible_navigator.main' importlib-metadata==4.10.1 
2023-08-31T13:02:11.364014+00:00 DEBUG 'ansible_navigator.main' importlib-resources==5.0.7 
2023-08-31T13:02:11.364215+00:00 DEBUG 'ansible_navigator.main' iniparse==0.4 /usr/lib/python3.9/site-packages/iniparse/__init__.py
2023-08-31T13:02:11.364478+00:00 DEBUG 'ansible_navigator.main' jmespath==1.0.1 /home/ansible/.local/lib/python3.9/site-packages/jmespath/__init__.py
2023-08-31T13:02:11.364753+00:00 DEBUG 'ansible_navigator.main' jsonschema==4.16.0 /usr/lib/python3.9/site-packages/jsonschema/__init__.py
2023-08-31T13:02:11.364979+00:00 DEBUG 'ansible_navigator.main' lockfile==0.12.2 /usr/lib/python3.9/site-packages/lockfile/__init__.py
2023-08-31T13:02:11.365179+00:00 DEBUG 'ansible_navigator.main' lxml==4.6.5 /usr/lib64/python3.9/site-packages/lxml/__init__.py
2023-08-31T13:02:11.365380+00:00 DEBUG 'ansible_navigator.main' mypy-extensions==0.4.3 
2023-08-31T13:02:11.365581+00:00 DEBUG 'ansible_navigator.main' onigurumacffi==1.1.0 /usr/lib64/python3.9/site-packages/onigurumacffi.py
2023-08-31T13:02:11.365776+00:00 DEBUG 'ansible_navigator.main' packaging==21.3 /usr/lib/python3.9/site-packages/packaging/__init__.py
2023-08-31T13:02:11.365982+00:00 DEBUG 'ansible_navigator.main' pathspec==0.9.0 /usr/lib/python3.9/site-packages/pathspec/__init__.py
2023-08-31T13:02:11.367957+00:00 DEBUG 'ansible_navigator.main' pbr==5.8.1 /usr/lib/python3.9/site-packages/pbr/__init__.py
2023-08-31T13:02:11.368166+00:00 DEBUG 'ansible_navigator.main' perf==0.1 /usr/lib64/python3.9/site-packages/perf.cpython-39-x86_64-linux-gnu.so
2023-08-31T13:02:11.368372+00:00 DEBUG 'ansible_navigator.main' pip==21.2.3 /usr/lib/python3.9/site-packages/pip/__init__.py
2023-08-31T13:02:11.368570+00:00 DEBUG 'ansible_navigator.main' platformdirs==2.4.1 /usr/lib/python3.9/site-packages/platformdirs/__init__.py
2023-08-31T13:02:11.372167+00:00 DEBUG 'ansible_navigator.main' psutil==5.8.0 /usr/lib64/python3.9/site-packages/psutil/__init__.py
2023-08-31T13:02:11.372403+00:00 DEBUG 'ansible_navigator.main' psycopg2==2.9.3 /usr/lib64/python3.9/site-packages/psycopg2/__init__.py
2023-08-31T13:02:11.372617+00:00 DEBUG 'ansible_navigator.main' pycparser==2.21 /usr/lib/python3.9/site-packages/pycparser/__init__.py
2023-08-31T13:02:11.372834+00:00 DEBUG 'ansible_navigator.main' pyinotify==0.9.6 /usr/lib/python3.9/site-packages/pyinotify.py
2023-08-31T13:02:11.373062+00:00 DEBUG 'ansible_navigator.main' pyrsistent==0.17.3 /usr/lib64/python3.9/site-packages/pyrsistent/__init__.py
2023-08-31T13:02:11.373384+00:00 DEBUG 'ansible_navigator.main' python-daemon==2.3.0 
2023-08-31T13:02:11.373592+00:00 DEBUG 'ansible_navigator.main' python-dateutil==2.8.1 
2023-08-31T13:02:11.373798+00:00 DEBUG 'ansible_navigator.main' python-linux-procfs==0.7.0 
2023-08-31T13:02:11.374021+00:00 DEBUG 'ansible_navigator.main' pyudev==0.22.0 /usr/lib/python3.9/site-packages/pyudev/__init__.py
2023-08-31T13:02:11.374218+00:00 DEBUG 'ansible_navigator.main' receptorctl==1.4.1 /usr/lib/python3.9/site-packages/receptorctl/__init__.py
2023-08-31T13:02:11.374422+00:00 DEBUG 'ansible_navigator.main' requests==2.28.2 /usr/lib/python3.9/site-packages/requests/__init__.py
2023-08-31T13:02:11.374618+00:00 DEBUG 'ansible_navigator.main' requirements-parser==0.2.0 
2023-08-31T13:02:11.374812+00:00 DEBUG 'ansible_navigator.main' resolvelib==0.5.4 /usr/lib/python3.9/site-packages/resolvelib/__init__.py
2023-08-31T13:02:11.375028+00:00 DEBUG 'ansible_navigator.main' rich==12.0.0 /usr/lib/python3.9/site-packages/rich/__init__.py
2023-08-31T13:02:11.375230+00:00 DEBUG 'ansible_navigator.main' ruamel.yaml.clib==0.2.6 
2023-08-31T13:02:11.375435+00:00 DEBUG 'ansible_navigator.main' ruamel.yaml==0.17.21 /usr/lib/python3.9/site-packages/ruamel/yaml/__init__.py
2023-08-31T13:02:11.378525+00:00 DEBUG 'ansible_navigator.main' selinux==3.5 /usr/lib64/python3.9/site-packages/selinux/__init__.py
2023-08-31T13:02:11.378753+00:00 DEBUG 'ansible_navigator.main' sepolicy==3.5 /usr/lib/python3.9/site-packages/sepolicy/__init__.py
2023-08-31T13:02:11.381976+00:00 DEBUG 'ansible_navigator.main' setools==4.4.1 /usr/lib64/python3.9/site-packages/setools/__init__.py
2023-08-31T13:02:11.384949+00:00 DEBUG 'ansible_navigator.main' setroubleshoot==3.3.31 /usr/lib/python3.9/site-packages/setroubleshoot/__init__.py
2023-08-31T13:02:11.385161+00:00 DEBUG 'ansible_navigator.main' setuptools==53.0.0 /usr/lib/python3.9/site-packages/setuptools/__init__.py
2023-08-31T13:02:11.385378+00:00 DEBUG 'ansible_navigator.main' six==1.16.0 /usr/lib/python3.9/site-packages/six.py
2023-08-31T13:02:11.385586+00:00 DEBUG 'ansible_navigator.main' sos==4.5.4 /usr/lib/python3.9/site-packages/sos/__init__.py
2023-08-31T13:02:11.385783+00:00 DEBUG 'ansible_navigator.main' subprocess-tee==0.4.1 
2023-08-31T13:02:11.386062+00:00 DEBUG 'ansible_navigator.main' subscription-manager==1.29.33.1 
2023-08-31T13:02:11.386271+00:00 DEBUG 'ansible_navigator.main' supervisor==4.2.4 /usr/lib/python3.9/site-packages/supervisor/__init__.py
2023-08-31T13:02:11.386466+00:00 DEBUG 'ansible_navigator.main' typing-extensions==3.10.0.2 
2023-08-31T13:02:11.386660+00:00 DEBUG 'ansible_navigator.main' urllib3==1.26.8 /usr/lib/python3.9/site-packages/urllib3/__init__.py
2023-08-31T13:02:11.386874+00:00 DEBUG 'ansible_navigator.main' wcmatch==8.3 /usr/lib/python3.9/site-packages/wcmatch/__init__.py
2023-08-31T13:02:11.389291+00:00 DEBUG 'ansible_navigator.main' yamllint==1.30.0 /usr/lib/python3.9/site-packages/yamllint/__init__.py
2023-08-31T13:02:11.389525+00:00 DEBUG 'ansible_navigator.main' zipp==3.4.0 /usr/lib/python3.9/site-packages/zipp.py
2023-08-31T13:02:11.389737+00:00 DEBUG 'ansible_navigator.main' Default collection_doc_cache_path set to: /home/ansible/.cache/ansible-navigator/collection_doc_cache.db
2023-08-31T13:02:11.389966+00:00 DEBUG 'ansible_navigator.main' EDITOR environment variable not set
2023-08-31T13:02:11.390173+00:00 DEBUG 'ansible_navigator.main' Default editor_command set to: vi +{line_number} {filename}
2023-08-31T13:02:11.390373+00:00 DEBUG 'ansible_navigator.main' No config file set by ANSIBLE_NAVIGATOR_CONFIG
2023-08-31T13:02:11.390577+00:00 DEBUG 'ansible_navigator.main' Looking in /home/ansible
2023-08-31T13:02:11.390774+00:00 DEBUG 'ansible_navigator.main' Looking for '/home/ansible/.ansible-navigator.yml', '/home/ansible/.ansible-navigator.yaml' and '/home/ansible/.ansible-navigator.json'
2023-08-31T13:02:11.390989+00:00 DEBUG 'ansible_navigator.main' Found 1: '/home/ansible/.ansible-navigator.yml'
2023-08-31T13:02:11.391190+00:00 DEBUG 'ansible_navigator.main' Looking in /home/ansible/playbooks/flashsystem_setup
2023-08-31T13:02:11.391393+00:00 DEBUG 'ansible_navigator.main' Looking for '/home/ansible/playbooks/flashsystem_setup/ansible-navigator.yml', '/home/ansible/playbooks/flashsystem_setup/ansible-navigator.yaml' and '/home/ansible/playbooks/flashsystem_setup/ansible-navigator.json'
2023-08-31T13:02:11.391591+00:00 DEBUG 'ansible_navigator.main' Found 1: '/home/ansible/playbooks/flashsystem_setup/ansible-navigator.yml'
2023-08-31T13:02:11.393951+00:00 DEBUG 'ansible_navigator.main' All found 2: '/home/ansible/.ansible-navigator.yml' and '/home/ansible/playbooks/flashsystem_setup/ansible-navigator.yml'
2023-08-31T13:02:11.394172+00:00 DEBUG 'ansible_navigator.main' Using: /home/ansible/playbooks/flashsystem_setup/ansible-navigator.yml
2023-08-31T13:02:11.394372+00:00 DEBUG 'ansible_navigator.main' Using settings file at /home/ansible/playbooks/flashsystem_setup/ansible-navigator.yml in search path
2023-08-31T13:02:11.394570+00:00 DEBUG 'ansible_navigator.main' Command provided: 'run /home/ansible/playbooks/flashsystem_setup/flashsystem_thin_to_thick.yml --ee true --ce podman --eei automationhub.bpic.mainline.com/ibm-flashsystem-ee:latest'
2023-08-31T13:02:11.394766+00:00 DEBUG 'ansible_navigator.main' ansible-navigator.ansible-runner.artifact-dir not found in settings file
2023-08-31T13:02:11.394984+00:00 DEBUG 'ansible_navigator.main' ansible-navigator.ansible-runner.rotate-artifacts-count not found in settings file
2023-08-31T13:02:11.395183+00:00 DEBUG 'ansible_navigator.main' ansible-navigator.ansible-runner.timeout not found in settings file
2023-08-31T13:02:11.395386+00:00 DEBUG 'ansible_navigator.main' ansible-navigator.ansible-runner.job-events not found in settings file
2023-08-31T13:02:11.395588+00:00 DEBUG 'ansible_navigator.main' ansible-navigator.app not found in settings file
2023-08-31T13:02:11.397944+00:00 DEBUG 'ansible_navigator.main' ansible-navigator.ansible.cmdline not found in settings file
2023-08-31T13:02:11.400952+00:00 DEBUG 'ansible_navigator.main' ansible-navigator.collection-doc-cache-path not found in settings file
2023-08-31T13:02:11.401912+00:00 DEBUG 'ansible_navigator.main' ansible-navigator.execution-environment.container-options not found in settings file
2023-08-31T13:02:11.403770+00:00 DEBUG 'ansible_navigator.main' ansible-navigator.color.enable not found in settings file
2023-08-31T13:02:11.404029+00:00 DEBUG 'ansible_navigator.main' ansible-navigator.editor.command not found in settings file
2023-08-31T13:02:11.404258+00:00 DEBUG 'ansible_navigator.main' ansible-navigator.editor.console not found in settings file
2023-08-31T13:02:11.404471+00:00 DEBUG 'ansible_navigator.main' ansible-navigator.enable-prompts not found in settings file
2023-08-31T13:02:11.404673+00:00 DEBUG 'ansible_navigator.main' ansible-navigator.exec.command not found in settings file
2023-08-31T13:02:11.404906+00:00 DEBUG 'ansible_navigator.main' ansible-navigator.exec.shell not found in settings file
2023-08-31T13:02:11.405112+00:00 DEBUG 'ansible_navigator.main' ansible-navigator.execution-environment.volume-mounts not found in settings file
2023-08-31T13:02:11.405331+00:00 DEBUG 'ansible_navigator.main' ansible-navigator.format not found in settings file
2023-08-31T13:02:11.405541+00:00 DEBUG 'ansible_navigator.main' ansible-navigator.ansible-builder.help not found in settings file
2023-08-31T13:02:11.405751+00:00 DEBUG 'ansible_navigator.main' ansible-navigator.ansible.doc.help not found in settings file
2023-08-31T13:02:11.406015+00:00 DEBUG 'ansible_navigator.main' ansible-navigator.ansible.playbook.help not found in settings file
2023-08-31T13:02:11.406225+00:00 DEBUG 'ansible_navigator.main' ansible-navigator.images.details not found in settings file
2023-08-31T13:02:11.408956+00:00 DEBUG 'ansible_navigator.main' ansible-navigator.inventory-columns not found in settings file
2023-08-31T13:02:11.409170+00:00 DEBUG 'ansible_navigator.main' ansible-navigator.ansible-lint.config not found in settings file
2023-08-31T13:02:11.412801+00:00 DEBUG 'ansible_navigator.main' ansible-navigator.ansible-lint.lintables not found in settings file
2023-08-31T13:02:11.413063+00:00 DEBUG 'ansible_navigator.main' ansible-navigator.logging.file not found in settings file
2023-08-31T13:02:11.413275+00:00 DEBUG 'ansible_navigator.main' ansible-navigator.mode not found in settings file
2023-08-31T13:02:11.413500+00:00 DEBUG 'ansible_navigator.main' ansible-navigator.color.osc4 not found in settings file
2023-08-31T13:02:11.413708+00:00 DEBUG 'ansible_navigator.main' ansible-navigator.execution-environment.environment-variables.pass not found in settings file
2023-08-31T13:02:11.413929+00:00 DEBUG 'ansible_navigator.main' ansible-navigator.ansible.playbook.path not found in settings file
2023-08-31T13:02:11.416983+00:00 DEBUG 'ansible_navigator.main' ansible-navigator.playbook-artifact.enable not found in settings file
2023-08-31T13:02:11.417220+00:00 DEBUG 'ansible_navigator.main' ansible-navigator.playbook-artifact.replay not found in settings file
2023-08-31T13:02:11.417425+00:00 DEBUG 'ansible_navigator.main' ansible-navigator.playbook-artifact.save-as not found in settings file
2023-08-31T13:02:11.417640+00:00 DEBUG 'ansible_navigator.main' ansible-navigator.ansible.doc.plugin.name not found in settings file
2023-08-31T13:02:11.417853+00:00 DEBUG 'ansible_navigator.main' ansible-navigator.ansible.doc.plugin.type not found in settings file
2023-08-31T13:02:11.418075+00:00 DEBUG 'ansible_navigator.main' ansible-navigator.execution-environment.pull.policy not found in settings file
2023-08-31T13:02:11.418277+00:00 DEBUG 'ansible_navigator.main' ansible-navigator.execution-environment.environment-variables.set not found in settings file
2023-08-31T13:02:11.418483+00:00 DEBUG 'ansible_navigator.main' ansible-navigator.settings.effective not found in settings file
2023-08-31T13:02:11.418957+00:00 DEBUG 'ansible_navigator.main' ansible-navigator.settings.sample not found in settings file
2023-08-31T13:02:11.419175+00:00 DEBUG 'ansible_navigator.main' ansible-navigator.settings.schema not found in settings file
2023-08-31T13:02:11.421949+00:00 DEBUG 'ansible_navigator.main' ansible-navigator.settings.sources not found in settings file
2023-08-31T13:02:11.422172+00:00 DEBUG 'ansible_navigator.main' ansible-navigator.time-zone not found in settings file
2023-08-31T13:02:11.422391+00:00 DEBUG 'ansible_navigator.main' ansible-navigator.ansible-builder.workdir not found in settings file
2023-08-31T13:02:11.422591+00:00 DEBUG 'ansible_navigator.main' EE support enabled: using current working directory for 'ansible.cfg'
2023-08-31T13:02:11.422801+00:00 INFO 'ansible_navigator.main' EE support enabled: no 'ansible.cfg' found in current working directory. Tried /home/ansible/playbooks/flashsystem_setup/ansible.cfg
2023-08-31T13:02:11.423025+00:00 DEBUG 'ansible_navigator.main' Completed post processing for ansible_runner_artifact_dir. (changed=False)
2023-08-31T13:02:11.426419+00:00 DEBUG 'ansible_navigator.main' Completed post processing for ansible_runner_rotate_artifacts_count. (changed=False)
2023-08-31T13:02:11.426645+00:00 DEBUG 'ansible_navigator.main' Completed post processing for ansible_runner_timeout. (changed=False)
2023-08-31T13:02:11.429955+00:00 DEBUG 'ansible_navigator.main' Completed post processing for cmdline. (changed=False)
2023-08-31T13:02:11.430181+00:00 DEBUG 'ansible_navigator.main' Completed post processing for collection_doc_cache_path. (changed=False)
2023-08-31T13:02:11.430402+00:00 DEBUG 'ansible_navigator.main' Completed post processing for container_engine. (changed=False)
2023-08-31T13:02:11.430607+00:00 DEBUG 'ansible_navigator.main' Completed post processing for container_options. (changed=False)
2023-08-31T13:02:11.430821+00:00 DEBUG 'ansible_navigator.main' Completed post processing for display_color. (changed=False)
2023-08-31T13:02:11.431050+00:00 DEBUG 'ansible_navigator.main' Completed post processing for enable_prompts. (changed=False)
2023-08-31T13:02:11.431247+00:00 DEBUG 'ansible_navigator.main' Completed post processing for execution_environment. (changed=True)
2023-08-31T13:02:11.431458+00:00 DEBUG 'ansible_navigator.main'  before: 'true'
2023-08-31T13:02:11.431663+00:00 DEBUG 'ansible_navigator.main'  after: 'True'
2023-08-31T13:02:11.431884+00:00 DEBUG 'ansible_navigator.main' Completed post processing for execution_environment_image. (changed=False)
2023-08-31T13:02:11.432087+00:00 DEBUG 'ansible_navigator.main' Completed post processing for help_builder. (changed=False)
2023-08-31T13:02:11.432287+00:00 DEBUG 'ansible_navigator.main' Completed post processing for help_config. (changed=False)
2023-08-31T13:02:11.434944+00:00 DEBUG 'ansible_navigator.main' Completed post processing for help_doc. (changed=False)
2023-08-31T13:02:11.435150+00:00 DEBUG 'ansible_navigator.main' Completed post processing for help_inventory. (changed=False)
2023-08-31T13:02:11.435348+00:00 DEBUG 'ansible_navigator.main' Completed post processing for help_playbook. (changed=False)
2023-08-31T13:02:11.435560+00:00 DEBUG 'ansible_navigator.main' Completed post processing for images_details. (changed=False)
2023-08-31T13:02:11.435756+00:00 DEBUG 'ansible_navigator.main' Completed post processing for inventory. (changed=True)
2023-08-31T13:02:11.435963+00:00 DEBUG 'ansible_navigator.main'  before: '['inventory']'
2023-08-31T13:02:11.436162+00:00 DEBUG 'ansible_navigator.main'  after: '['/home/ansible/playbooks/flashsystem_setup/inventory']'
2023-08-31T13:02:11.436364+00:00 DEBUG 'ansible_navigator.main' Completed post processing for inventory_column. (changed=False)
2023-08-31T13:02:11.436558+00:00 DEBUG 'ansible_navigator.main' Completed post processing for log_file. (changed=False)
2023-08-31T13:02:11.438240+00:00 DEBUG 'ansible_navigator.main' Completed post processing for pass_environment_variable. (changed=False)
2023-08-31T13:02:11.438463+00:00 DEBUG 'ansible_navigator.main' Completed post processing for playbook. (changed=False)
2023-08-31T13:02:11.438662+00:00 DEBUG 'ansible_navigator.main' Completed post processing for playbook_artifact_replay. (changed=False)
2023-08-31T13:02:11.438873+00:00 DEBUG 'ansible_navigator.main' Completed post processing for playbook_artifact_save_as. (changed=False)
2023-08-31T13:02:11.439083+00:00 DEBUG 'ansible_navigator.main' Completed post processing for plugin_name. (changed=False)
2023-08-31T13:02:11.440383+00:00 DEBUG 'ansible_navigator.main' Completed post processing for pull_arguments. (changed=False)
2023-08-31T13:02:11.440599+00:00 DEBUG 'ansible_navigator.main' Completed post processing for set_environment_variable. (changed=False)
2023-08-31T13:02:11.440801+00:00 DEBUG 'ansible_navigator.main' Completed post processing for settings_effective. (changed=False)
2023-08-31T13:02:11.441293+00:00 DEBUG 'ansible_navigator.main' Completed post processing for settings_sample. (changed=False)
2023-08-31T13:02:11.441496+00:00 DEBUG 'ansible_navigator.main' Completed post processing for settings_schema. (changed=False)
2023-08-31T13:02:11.441700+00:00 DEBUG 'ansible_navigator.main' Completed post processing for settings_sources. (changed=False)
2023-08-31T13:02:11.441913+00:00 DEBUG 'ansible_navigator.main' Completed post processing for time_zone. (changed=False)
2023-08-31T13:02:11.442116+00:00 DEBUG 'ansible_navigator.main' Completed post processing for execution_environment_volume_mounts. (changed=False)
2023-08-31T13:02:11.442310+00:00 DEBUG 'ansible_navigator.main' Completed post processing for mode. (changed=False)
2023-08-31T13:02:11.445947+00:00 DEBUG 'ansible_navigator.main' Completed post processing for playbook_artifact_enable. (changed=False)
2023-08-31T13:02:11.446156+00:00 DEBUG 'ansible_navigator.main' Collection doc cache not mounted
2023-08-31T13:02:11.448946+00:00 DEBUG 'ansible_navigator.main' Collection doc cache: 'path' is '/home/ansible/.cache/ansible-navigator/collection_doc_cache.db'
2023-08-31T13:02:11.450193+00:00 DEBUG 'ansible_navigator.main' Collection doc cache: 'current version' is '1.0'
2023-08-31T13:02:11.450424+00:00 DEBUG 'ansible_navigator.main' Collection doc cache not attached to args.internals
2023-08-31T13:02:11.453953+00:00 DEBUG 'ansible_navigator.main' Running with ansible_runner_artifact_dir as 'Not set' (Constants/Not set)
2023-08-31T13:02:11.454169+00:00 DEBUG 'ansible_navigator.main' Running with ansible_runner_rotate_artifacts_count as 'Not set' (Constants/Not set)
2023-08-31T13:02:11.454379+00:00 DEBUG 'ansible_navigator.main' Running with ansible_runner_timeout as 'Not set' (Constants/Not set)
2023-08-31T13:02:11.454579+00:00 DEBUG 'ansible_navigator.main' Running with ansible_runner_write_job_events as 'False' (bool/Defaults)
2023-08-31T13:02:11.454776+00:00 DEBUG 'ansible_navigator.main' Running with app as 'run' (str/Command line)
2023-08-31T13:02:11.454989+00:00 DEBUG 'ansible_navigator.main' Running with cmdline as 'Not set' (Constants/Not set)
2023-08-31T13:02:11.455196+00:00 DEBUG 'ansible_navigator.main' Running with collection_doc_cache_path as '/home/ansible/.cache/ansible-navigator/collection_doc_cache.db' (str/Defaults)
2023-08-31T13:02:11.455402+00:00 DEBUG 'ansible_navigator.main' Running with config as '/etc/ansible/ansible.cfg' (str/Settings file)
2023-08-31T13:02:11.455597+00:00 DEBUG 'ansible_navigator.main' Running with container_engine as 'podman' (str/Command line)
2023-08-31T13:02:11.456856+00:00 DEBUG 'ansible_navigator.main' Running with container_options as 'Not set' (Constants/Not set)
2023-08-31T13:02:11.457073+00:00 DEBUG 'ansible_navigator.main' Running with display_color as 'True' (bool/Defaults)
2023-08-31T13:02:11.457273+00:00 DEBUG 'ansible_navigator.main' Running with editor_command as 'vi +{line_number} {filename}' (str/Defaults)
2023-08-31T13:02:11.457471+00:00 DEBUG 'ansible_navigator.main' Running with editor_console as 'True' (bool/Defaults)
2023-08-31T13:02:11.457674+00:00 DEBUG 'ansible_navigator.main' Running with enable_prompts as 'False' (bool/Defaults)
2023-08-31T13:02:11.457882+00:00 DEBUG 'ansible_navigator.main' Running with exec_command as '/bin/bash' (str/Defaults)
2023-08-31T13:02:11.458084+00:00 DEBUG 'ansible_navigator.main' Running with exec_shell as 'True' (bool/Defaults)
2023-08-31T13:02:11.458297+00:00 DEBUG 'ansible_navigator.main' Running with execution_environment as 'True' (bool/Command line)
2023-08-31T13:02:11.458501+00:00 DEBUG 'ansible_navigator.main' Running with execution_environment_image as 'automationhub.bpic.mainline.com/ibm-flashsystem-ee:latest' (str/Command line)
2023-08-31T13:02:11.459113+00:00 DEBUG 'ansible_navigator.main' Running with execution_environment_volume_mounts as 'Not set' (Constants/Not set)
2023-08-31T13:02:11.459322+00:00 DEBUG 'ansible_navigator.main' Running with format as 'yaml' (str/Defaults)
2023-08-31T13:02:11.459539+00:00 DEBUG 'ansible_navigator.main' Running with help_builder as 'False' (bool/Defaults)
2023-08-31T13:02:11.462957+00:00 DEBUG 'ansible_navigator.main' Running with help_config as 'False' (bool/Settings file)
2023-08-31T13:02:11.463242+00:00 DEBUG 'ansible_navigator.main' Running with help_doc as 'False' (bool/Defaults)
2023-08-31T13:02:11.463462+00:00 DEBUG 'ansible_navigator.main' Running with help_inventory as 'True' (bool/Settings file)
2023-08-31T13:02:11.463669+00:00 DEBUG 'ansible_navigator.main' Running with help_playbook as 'False' (bool/Defaults)
2023-08-31T13:02:11.463887+00:00 DEBUG 'ansible_navigator.main' Running with images_details as '['everything']' (list/Defaults)
2023-08-31T13:02:11.464961+00:00 DEBUG 'ansible_navigator.main' Running with inventory as '['/home/ansible/playbooks/flashsystem_setup/inventory']' (list/Settings file)
2023-08-31T13:02:11.465180+00:00 DEBUG 'ansible_navigator.main' Running with inventory_column as 'Not set' (Constants/Not set)
2023-08-31T13:02:11.465391+00:00 DEBUG 'ansible_navigator.main' Running with lint_config as 'Not set' (Constants/Not set)
2023-08-31T13:02:11.465590+00:00 DEBUG 'ansible_navigator.main' Running with lintables as 'Not set' (Constants/Not set)
2023-08-31T13:02:11.465795+00:00 DEBUG 'ansible_navigator.main' Running with log_append as 'False' (bool/Settings file)
2023-08-31T13:02:11.466026+00:00 DEBUG 'ansible_navigator.main' Running with log_file as '/home/ansible/playbooks/flashsystem_setup/ansible-navigator.log' (str/Defaults)
2023-08-31T13:02:11.466223+00:00 DEBUG 'ansible_navigator.main' Running with log_level as 'debug' (str/Settings file)
2023-08-31T13:02:11.468877+00:00 DEBUG 'ansible_navigator.main' Running with mode as 'interactive' (str/Defaults)
2023-08-31T13:02:11.469095+00:00 DEBUG 'ansible_navigator.main' Running with osc4 as 'True' (bool/Defaults)
2023-08-31T13:02:11.469956+00:00 DEBUG 'ansible_navigator.main' Running with pass_environment_variable as 'Not set' (Constants/Not set)
2023-08-31T13:02:11.470162+00:00 DEBUG 'ansible_navigator.main' Running with playbook as '/home/ansible/playbooks/flashsystem_setup/flashsystem_thin_to_thick.yml' (str/Command line)
2023-08-31T13:02:11.472955+00:00 DEBUG 'ansible_navigator.main' Running with playbook_artifact_enable as 'True' (bool/Defaults)
2023-08-31T13:02:11.473164+00:00 DEBUG 'ansible_navigator.main' Running with playbook_artifact_replay as 'Not set' (Constants/Not set)
2023-08-31T13:02:11.473362+00:00 DEBUG 'ansible_navigator.main' Running with playbook_artifact_save_as as '{playbook_dir}/{playbook_name}-artifact-{time_stamp}.json' (str/Defaults)
2023-08-31T13:02:11.474127+00:00 DEBUG 'ansible_navigator.main' Running with plugin_name as 'Not set' (Constants/Not set)
2023-08-31T13:02:11.474346+00:00 DEBUG 'ansible_navigator.main' Running with plugin_type as 'module' (str/Defaults)
2023-08-31T13:02:11.475956+00:00 DEBUG 'ansible_navigator.main' Running with pull_arguments as '['--tls-verify=false']' (list/Settings file)
2023-08-31T13:02:11.476167+00:00 DEBUG 'ansible_navigator.main' Running with pull_policy as 'tag' (str/Defaults)
2023-08-31T13:02:11.476366+00:00 DEBUG 'ansible_navigator.main' Running with set_environment_variable as 'Not set' (Constants/Not set)
2023-08-31T13:02:11.476570+00:00 DEBUG 'ansible_navigator.main' Running with settings_effective as 'False' (bool/Defaults)
2023-08-31T13:02:11.476765+00:00 DEBUG 'ansible_navigator.main' Running with settings_sample as 'False' (bool/Defaults)
2023-08-31T13:02:11.476986+00:00 DEBUG 'ansible_navigator.main' Running with settings_schema as 'json' (str/Defaults)
2023-08-31T13:02:11.477192+00:00 DEBUG 'ansible_navigator.main' Running with settings_sources as 'False' (bool/Defaults)
2023-08-31T13:02:11.477387+00:00 DEBUG 'ansible_navigator.main' Running with time_zone as 'UTC' (str/Defaults)
2023-08-31T13:02:11.477581+00:00 DEBUG 'ansible_navigator.main' Running with workdir as '/home/ansible/playbooks/flashsystem_setup' (str/Defaults)
2023-08-31T13:02:11.477926+00:00 INFO 'ansible_navigator.image_manager.puller._log_message' Image tag is: latest
2023-08-31T13:02:11.478189+00:00 DEBUG 'ansible_navigator.image_manager.puller._log_message' Command: podman image inspect automationhub.bpic.mainline.com/ibm-flashsystem-ee:latest
2023-08-31T13:02:11.950757+00:00 INFO 'ansible_navigator.image_manager.puller._log_message' Execution environment image name:: automationhub.bpic.mainline.com/ibm-flashsystem-ee:latest
2023-08-31T13:02:11.951608+00:00 INFO 'ansible_navigator.image_manager.puller._log_message' Execution environment image tag:: latest
2023-08-31T13:02:11.952039+00:00 INFO 'ansible_navigator.image_manager.puller._log_message' Execution environment pull arguments:: --tls-verify=false
2023-08-31T13:02:11.952441+00:00 INFO 'ansible_navigator.image_manager.puller._log_message' Execution environment pull policy:: tag
2023-08-31T13:02:11.952817+00:00 INFO 'ansible_navigator.image_manager.puller._log_message' Execution environment pull needed:: True
2023-08-31T13:02:13.040742+00:00 INFO 'ansible_navigator.image_manager.puller._log_message' Execution environment updated
2023-08-31T13:02:13.042150+00:00 DEBUG 'ansible_navigator.cache_scripts' No update required for /usr/lib/python3.9/site-packages/ansible_navigator/data/catalog_collections.py to /home/ansible/.cache/ansible-navigator/catalog_collections.py
2023-08-31T13:02:13.042545+00:00 DEBUG 'ansible_navigator.cache_scripts' No update required for /usr/lib/python3.9/site-packages/ansible_navigator/data/image_introspect.py to /home/ansible/.cache/ansible-navigator/image_introspect.py
2023-08-31T13:02:13.083152+00:00 DEBUG 'ansible_navigator.action_base.initialize_ui' grammar path = /usr/lib/python3.9/site-packages/ansible_navigator/data/grammar
2023-08-31T13:02:13.087097+00:00 DEBUG 'ansible_navigator.action_base.initialize_ui' theme path = /usr/lib/python3.9/site-packages/ansible_navigator/data/themes/dark_vs.json
2023-08-31T13:02:13.087473+00:00 DEBUG 'ansible_navigator.action_base.initialize_ui' terminal colors path = /usr/lib/python3.9/site-packages/ansible_navigator/data/themes/terminal_colors.json
2023-08-31T13:02:13.088227+00:00 DEBUG 'ansible_navigator.ui_framework.curses_window.__init__' self._ui_config: UIConfig(color=True, colors_initialized=False, grammar_dir=PosixPath('/usr/lib/python3.9/site-packages/ansible_navigator/data/grammar'), osc4=True, terminal_colors_path=PosixPath('/usr/lib/python3.9/site-packages/ansible_navigator/data/themes/terminal_colors.json'), theme_path=PosixPath('/usr/lib/python3.9/site-packages/ansible_navigator/data/themes/dark_vs.json'))
2023-08-31T13:02:13.092314+00:00 DEBUG 'ansible_navigator.ui_framework.curses_window._set_colors' curses.COLORS: 256
2023-08-31T13:02:13.095955+00:00 DEBUG 'ansible_navigator.ui_framework.curses_window._set_colors' curses.can_change_color: True
2023-08-31T13:02:13.097828+00:00 DEBUG 'ansible_navigator.ui_framework.curses_window._set_colors' term_osc4_support: True
2023-08-31T13:02:13.099034+00:00 DEBUG 'ansible_navigator.ui_framework.curses_window._set_colors' Custom colors set
2023-08-31T13:02:13.104626+00:00 DEBUG 'ansible_navigator.ui_framework.curses_window.__init__' self._ui_config: UIConfig(color=True, colors_initialized=True, grammar_dir=PosixPath('/usr/lib/python3.9/site-packages/ansible_navigator/data/grammar'), osc4=True, terminal_colors_path=PosixPath('/usr/lib/python3.9/site-packages/ansible_navigator/data/themes/terminal_colors.json'), theme_path=PosixPath('/usr/lib/python3.9/site-packages/ansible_navigator/data/themes/dark_vs.json'))
2023-08-31T13:02:13.242676+00:00 DEBUG 'ansible_navigator.actions.run.run' run requested in interactive mode
2023-08-31T13:02:13.605297+00:00 DEBUG 'ansible_navigator.actions.run_c41a._update_args' No config file set by ANSIBLE_NAVIGATOR_CONFIG
2023-08-31T13:02:13.610985+00:00 DEBUG 'ansible_navigator.actions.run_c41a._update_args' Looking in /home/ansible
2023-08-31T13:02:13.611208+00:00 DEBUG 'ansible_navigator.actions.run_c41a._update_args' Looking for '/home/ansible/.ansible-navigator.yml', '/home/ansible/.ansible-navigator.yaml' and '/home/ansible/.ansible-navigator.json'
2023-08-31T13:02:13.611425+00:00 DEBUG 'ansible_navigator.actions.run_c41a._update_args' Found 1: '/home/ansible/.ansible-navigator.yml'
2023-08-31T13:02:13.611637+00:00 DEBUG 'ansible_navigator.actions.run_c41a._update_args' Looking in /home/ansible/playbooks/flashsystem_setup
2023-08-31T13:02:13.615868+00:00 DEBUG 'ansible_navigator.actions.run_c41a._update_args' Looking for '/home/ansible/playbooks/flashsystem_setup/ansible-navigator.yml', '/home/ansible/playbooks/flashsystem_setup/ansible-navigator.yaml' and '/home/ansible/playbooks/flashsystem_setup/ansible-navigator.json'
2023-08-31T13:02:13.616120+00:00 DEBUG 'ansible_navigator.actions.run_c41a._update_args' Found 1: '/home/ansible/playbooks/flashsystem_setup/ansible-navigator.yml'
2023-08-31T13:02:13.616326+00:00 DEBUG 'ansible_navigator.actions.run_c41a._update_args' All found 2: '/home/ansible/.ansible-navigator.yml' and '/home/ansible/playbooks/flashsystem_setup/ansible-navigator.yml'
2023-08-31T13:02:13.616534+00:00 DEBUG 'ansible_navigator.actions.run_c41a._update_args' Using: /home/ansible/playbooks/flashsystem_setup/ansible-navigator.yml
2023-08-31T13:02:13.616733+00:00 DEBUG 'ansible_navigator.actions.run_c41a._update_args' Using settings file at /home/ansible/playbooks/flashsystem_setup/ansible-navigator.yml in search path
2023-08-31T13:02:13.616943+00:00 DEBUG 'ansible_navigator.actions.run_c41a._update_args' Command provided: 'run'
2023-08-31T13:02:13.617159+00:00 INFO 'ansible_navigator.actions.run_c41a._update_args' 'display_color' cannot be reconfigured. (restore original)
2023-08-31T13:02:13.617355+00:00 INFO 'ansible_navigator.actions.run_c41a._update_args' 'mode' cannot be reconfigured. (restore original)
2023-08-31T13:02:13.617550+00:00 INFO 'ansible_navigator.actions.run_c41a._update_args' 'display_color' cannot be reconfigured. (apply defaults)
2023-08-31T13:02:13.617744+00:00 INFO 'ansible_navigator.actions.run_c41a._update_args' 'mode' cannot be reconfigured. (apply defaults)
2023-08-31T13:02:13.617975+00:00 DEBUG 'ansible_navigator.actions.run_c41a._update_args' ansible-navigator.ansible-runner.artifact-dir not found in settings file
2023-08-31T13:02:13.618175+00:00 DEBUG 'ansible_navigator.actions.run_c41a._update_args' ansible-navigator.ansible-runner.rotate-artifacts-count not found in settings file
2023-08-31T13:02:13.619956+00:00 DEBUG 'ansible_navigator.actions.run_c41a._update_args' ansible-navigator.ansible-runner.timeout not found in settings file
2023-08-31T13:02:13.620167+00:00 DEBUG 'ansible_navigator.actions.run_c41a._update_args' ansible-navigator.ansible-runner.job-events not found in settings file
2023-08-31T13:02:13.620367+00:00 DEBUG 'ansible_navigator.actions.run_c41a._update_args' ansible-navigator.app not found in settings file
2023-08-31T13:02:13.620564+00:00 DEBUG 'ansible_navigator.actions.run_c41a._update_args' ansible-navigator.ansible.cmdline not found in settings file
2023-08-31T13:02:13.620759+00:00 DEBUG 'ansible_navigator.actions.run_c41a._update_args' ansible-navigator.collection-doc-cache-path not found in settings file
2023-08-31T13:02:13.623950+00:00 DEBUG 'ansible_navigator.actions.run_c41a._update_args' ansible-navigator.execution-environment.container-options not found in settings file
2023-08-31T13:02:13.624166+00:00 DEBUG 'ansible_navigator.actions.run_c41a._update_args' ansible-navigator.color.enable not found in settings file
2023-08-31T13:02:13.624367+00:00 DEBUG 'ansible_navigator.actions.run_c41a._update_args' ansible-navigator.editor.command not found in settings file
2023-08-31T13:02:13.624584+00:00 DEBUG 'ansible_navigator.actions.run_c41a._update_args' ansible-navigator.editor.console not found in settings file
2023-08-31T13:02:13.624781+00:00 DEBUG 'ansible_navigator.actions.run_c41a._update_args' ansible-navigator.enable-prompts not found in settings file
2023-08-31T13:02:13.624987+00:00 DEBUG 'ansible_navigator.actions.run_c41a._update_args' ansible-navigator.exec.command not found in settings file
2023-08-31T13:02:13.625187+00:00 DEBUG 'ansible_navigator.actions.run_c41a._update_args' ansible-navigator.exec.shell not found in settings file
2023-08-31T13:02:13.625399+00:00 DEBUG 'ansible_navigator.actions.run_c41a._update_args' ansible-navigator.execution-environment.volume-mounts not found in settings file
2023-08-31T13:02:13.625594+00:00 DEBUG 'ansible_navigator.actions.run_c41a._update_args' ansible-navigator.format not found in settings file
2023-08-31T13:02:13.625789+00:00 DEBUG 'ansible_navigator.actions.run_c41a._update_args' ansible-navigator.ansible-builder.help not found in settings file
2023-08-31T13:02:13.626031+00:00 DEBUG 'ansible_navigator.actions.run_c41a._update_args' ansible-navigator.ansible.doc.help not found in settings file
2023-08-31T13:02:13.626227+00:00 DEBUG 'ansible_navigator.actions.run_c41a._update_args' ansible-navigator.ansible.playbook.help not found in settings file
2023-08-31T13:02:13.628947+00:00 DEBUG 'ansible_navigator.actions.run_c41a._update_args' ansible-navigator.images.details not found in settings file
2023-08-31T13:02:13.631956+00:00 DEBUG 'ansible_navigator.actions.run_c41a._update_args' ansible-navigator.inventory-columns not found in settings file
2023-08-31T13:02:13.632185+00:00 DEBUG 'ansible_navigator.actions.run_c41a._update_args' ansible-navigator.ansible-lint.config not found in settings file
2023-08-31T13:02:13.632396+00:00 DEBUG 'ansible_navigator.actions.run_c41a._update_args' ansible-navigator.ansible-lint.lintables not found in settings file
2023-08-31T13:02:13.633887+00:00 DEBUG 'ansible_navigator.actions.run_c41a._update_args' ansible-navigator.logging.file not found in settings file
2023-08-31T13:02:13.634102+00:00 DEBUG 'ansible_navigator.actions.run_c41a._update_args' ansible-navigator.mode not found in settings file
2023-08-31T13:02:13.634301+00:00 DEBUG 'ansible_navigator.actions.run_c41a._update_args' ansible-navigator.color.osc4 not found in settings file
2023-08-31T13:02:13.634498+00:00 DEBUG 'ansible_navigator.actions.run_c41a._update_args' ansible-navigator.execution-environment.environment-variables.pass not found in settings file
2023-08-31T13:02:13.634694+00:00 DEBUG 'ansible_navigator.actions.run_c41a._update_args' ansible-navigator.ansible.playbook.path not found in settings file
2023-08-31T13:02:13.634917+00:00 DEBUG 'ansible_navigator.actions.run_c41a._update_args' ansible-navigator.playbook-artifact.enable not found in settings file
2023-08-31T13:02:13.635118+00:00 DEBUG 'ansible_navigator.actions.run_c41a._update_args' ansible-navigator.playbook-artifact.replay not found in settings file
2023-08-31T13:02:13.635314+00:00 DEBUG 'ansible_navigator.actions.run_c41a._update_args' ansible-navigator.playbook-artifact.save-as not found in settings file
2023-08-31T13:02:13.635524+00:00 DEBUG 'ansible_navigator.actions.run_c41a._update_args' ansible-navigator.ansible.doc.plugin.name not found in settings file
2023-08-31T13:02:13.635719+00:00 DEBUG 'ansible_navigator.actions.run_c41a._update_args' ansible-navigator.ansible.doc.plugin.type not found in settings file
2023-08-31T13:02:13.635935+00:00 DEBUG 'ansible_navigator.actions.run_c41a._update_args' ansible-navigator.execution-environment.pull.policy not found in settings file
2023-08-31T13:02:13.636140+00:00 DEBUG 'ansible_navigator.actions.run_c41a._update_args' ansible-navigator.execution-environment.environment-variables.set not found in settings file
2023-08-31T13:02:13.636340+00:00 DEBUG 'ansible_navigator.actions.run_c41a._update_args' ansible-navigator.settings.effective not found in settings file
2023-08-31T13:02:13.636534+00:00 DEBUG 'ansible_navigator.actions.run_c41a._update_args' ansible-navigator.settings.sample not found in settings file
2023-08-31T13:02:13.636737+00:00 DEBUG 'ansible_navigator.actions.run_c41a._update_args' ansible-navigator.settings.schema not found in settings file
2023-08-31T13:02:13.639876+00:00 DEBUG 'ansible_navigator.actions.run_c41a._update_args' ansible-navigator.settings.sources not found in settings file
2023-08-31T13:02:13.640098+00:00 DEBUG 'ansible_navigator.actions.run_c41a._update_args' ansible-navigator.time-zone not found in settings file
2023-08-31T13:02:13.640300+00:00 DEBUG 'ansible_navigator.actions.run_c41a._update_args' ansible-navigator.ansible-builder.workdir not found in settings file
2023-08-31T13:02:13.640769+00:00 INFO 'ansible_navigator.actions.run_c41a._update_args' 'display_color' cannot be reconfigured (apply previous cli)
2023-08-31T13:02:13.641002+00:00 INFO 'ansible_navigator.actions.run_c41a._update_args' 'mode' cannot be reconfigured (apply previous cli)
2023-08-31T13:02:13.642955+00:00 DEBUG 'ansible_navigator.actions.run_c41a._update_args' EE support enabled: using current working directory for 'ansible.cfg'
2023-08-31T13:02:13.643164+00:00 INFO 'ansible_navigator.actions.run_c41a._update_args' EE support enabled: no 'ansible.cfg' found in current working directory. Tried /home/ansible/playbooks/flashsystem_setup/ansible.cfg
2023-08-31T13:02:13.643366+00:00 DEBUG 'ansible_navigator.actions.run_c41a._update_args' Completed post processing for ansible_runner_artifact_dir. (changed=False)
2023-08-31T13:02:13.643570+00:00 DEBUG 'ansible_navigator.actions.run_c41a._update_args' Completed post processing for ansible_runner_rotate_artifacts_count. (changed=False)
2023-08-31T13:02:13.643766+00:00 DEBUG 'ansible_navigator.actions.run_c41a._update_args' Completed post processing for ansible_runner_timeout. (changed=False)
2023-08-31T13:02:13.646958+00:00 DEBUG 'ansible_navigator.actions.run_c41a._update_args' Completed post processing for cmdline. (changed=False)
2023-08-31T13:02:13.647175+00:00 DEBUG 'ansible_navigator.actions.run_c41a._update_args' Completed post processing for collection_doc_cache_path. (changed=False)
2023-08-31T13:02:13.647374+00:00 DEBUG 'ansible_navigator.actions.run_c41a._update_args' Completed post processing for container_engine. (changed=False)
2023-08-31T13:02:13.647570+00:00 DEBUG 'ansible_navigator.actions.run_c41a._update_args' Completed post processing for container_options. (changed=False)
2023-08-31T13:02:13.648958+00:00 INFO 'ansible_navigator.actions.run_c41a._update_args' 'display_color' cannot be reconfigured. (post process)
2023-08-31T13:02:13.649172+00:00 DEBUG 'ansible_navigator.actions.run_c41a._update_args' Completed post processing for enable_prompts. (changed=False)
2023-08-31T13:02:13.649380+00:00 DEBUG 'ansible_navigator.actions.run_c41a._update_args' Completed post processing for execution_environment. (changed=False)
2023-08-31T13:02:13.649577+00:00 DEBUG 'ansible_navigator.actions.run_c41a._update_args' Completed post processing for execution_environment_image. (changed=False)
2023-08-31T13:02:13.649779+00:00 DEBUG 'ansible_navigator.actions.run_c41a._update_args' Completed post processing for help_builder. (changed=False)
2023-08-31T13:02:13.649990+00:00 DEBUG 'ansible_navigator.actions.run_c41a._update_args' Completed post processing for help_config. (changed=False)
2023-08-31T13:02:13.650190+00:00 DEBUG 'ansible_navigator.actions.run_c41a._update_args' Completed post processing for help_doc. (changed=False)
2023-08-31T13:02:13.650385+00:00 DEBUG 'ansible_navigator.actions.run_c41a._update_args' Completed post processing for help_inventory. (changed=False)
2023-08-31T13:02:13.650586+00:00 DEBUG 'ansible_navigator.actions.run_c41a._update_args' Completed post processing for help_playbook. (changed=False)
2023-08-31T13:02:13.650780+00:00 DEBUG 'ansible_navigator.actions.run_c41a._update_args' Completed post processing for images_details. (changed=False)
2023-08-31T13:02:13.650994+00:00 DEBUG 'ansible_navigator.actions.run_c41a._update_args' Completed post processing for inventory. (changed=True)
2023-08-31T13:02:13.651208+00:00 DEBUG 'ansible_navigator.actions.run_c41a._update_args'  before: '['inventory']'
2023-08-31T13:02:13.653954+00:00 DEBUG 'ansible_navigator.actions.run_c41a._update_args'  after: '['/home/ansible/playbooks/flashsystem_setup/inventory']'
2023-08-31T13:02:13.654171+00:00 DEBUG 'ansible_navigator.actions.run_c41a._update_args' Completed post processing for inventory_column. (changed=False)
2023-08-31T13:02:13.656959+00:00 DEBUG 'ansible_navigator.actions.run_c41a._update_args' Completed post processing for log_file. (changed=False)
2023-08-31T13:02:13.657179+00:00 DEBUG 'ansible_navigator.actions.run_c41a._update_args' Completed post processing for pass_environment_variable. (changed=False)
2023-08-31T13:02:13.657378+00:00 DEBUG 'ansible_navigator.actions.run_c41a._update_args' Completed post processing for playbook. (changed=False)
2023-08-31T13:02:13.657576+00:00 DEBUG 'ansible_navigator.actions.run_c41a._update_args' Completed post processing for playbook_artifact_replay. (changed=False)
2023-08-31T13:02:13.657772+00:00 DEBUG 'ansible_navigator.actions.run_c41a._update_args' Completed post processing for playbook_artifact_save_as. (changed=False)
2023-08-31T13:02:13.657988+00:00 DEBUG 'ansible_navigator.actions.run_c41a._update_args' Completed post processing for plugin_name. (changed=False)
2023-08-31T13:02:13.658962+00:00 DEBUG 'ansible_navigator.actions.run_c41a._update_args' Completed post processing for pull_arguments. (changed=False)
2023-08-31T13:02:13.659172+00:00 DEBUG 'ansible_navigator.actions.run_c41a._update_args' Completed post processing for set_environment_variable. (changed=False)
2023-08-31T13:02:13.659388+00:00 DEBUG 'ansible_navigator.actions.run_c41a._update_args' Completed post processing for settings_effective. (changed=False)
2023-08-31T13:02:13.659585+00:00 DEBUG 'ansible_navigator.actions.run_c41a._update_args' Completed post processing for settings_sample. (changed=False)
2023-08-31T13:02:13.659781+00:00 DEBUG 'ansible_navigator.actions.run_c41a._update_args' Completed post processing for settings_schema. (changed=False)
2023-08-31T13:02:13.659987+00:00 DEBUG 'ansible_navigator.actions.run_c41a._update_args' Completed post processing for settings_sources. (changed=False)
2023-08-31T13:02:13.660193+00:00 DEBUG 'ansible_navigator.actions.run_c41a._update_args' Completed post processing for time_zone. (changed=False)
2023-08-31T13:02:13.660387+00:00 DEBUG 'ansible_navigator.actions.run_c41a._update_args' Completed post processing for execution_environment_volume_mounts. (changed=False)
2023-08-31T13:02:13.660581+00:00 INFO 'ansible_navigator.actions.run_c41a._update_args' 'mode' cannot be reconfigured. (post process)
2023-08-31T13:02:13.660953+00:00 DEBUG 'ansible_navigator.actions.run_c41a._update_args' Completed post processing for playbook_artifact_enable. (changed=False)
2023-08-31T13:02:13.662957+00:00 DEBUG 'ansible_navigator.actions.run_c41a._update_args' Collection doc cache not mounted
2023-08-31T13:02:13.665949+00:00 DEBUG 'ansible_navigator.actions.run_c41a._update_args' Collection doc cache: 'path' is '/home/ansible/.cache/ansible-navigator/collection_doc_cache.db'
2023-08-31T13:02:13.666165+00:00 DEBUG 'ansible_navigator.actions.run_c41a._update_args' Collection doc cache: 'current version' is '1.0'
2023-08-31T13:02:13.666375+00:00 DEBUG 'ansible_navigator.actions.run_c41a._update_args' Collection doc cache not attached to args.internals
2023-08-31T13:02:13.666575+00:00 DEBUG 'ansible_navigator.actions.run_c41a._update_args' Running with ansible_runner_artifact_dir as 'Not set' (Constants/Not set)
2023-08-31T13:02:13.666772+00:00 DEBUG 'ansible_navigator.actions.run_c41a._update_args' Running with ansible_runner_rotate_artifacts_count as 'Not set' (Constants/Not set)
2023-08-31T13:02:13.666986+00:00 DEBUG 'ansible_navigator.actions.run_c41a._update_args' Running with ansible_runner_timeout as 'Not set' (Constants/Not set)
2023-08-31T13:02:13.667187+00:00 DEBUG 'ansible_navigator.actions.run_c41a._update_args' Running with ansible_runner_write_job_events as 'False' (bool/Defaults)
2023-08-31T13:02:13.667395+00:00 DEBUG 'ansible_navigator.actions.run_c41a._update_args' Running with app as 'run' (str/Command line)
2023-08-31T13:02:13.667590+00:00 DEBUG 'ansible_navigator.actions.run_c41a._update_args' Running with cmdline as 'Not set' (Constants/Not set)
2023-08-31T13:02:13.667791+00:00 DEBUG 'ansible_navigator.actions.run_c41a._update_args' Running with collection_doc_cache_path as '/home/ansible/.cache/ansible-navigator/collection_doc_cache.db' (str/Defaults)
2023-08-31T13:02:13.668496+00:00 DEBUG 'ansible_navigator.actions.run_c41a._update_args' Running with config as '/etc/ansible/ansible.cfg' (str/Settings file)
2023-08-31T13:02:13.668697+00:00 DEBUG 'ansible_navigator.actions.run_c41a._update_args' Running with container_engine as 'podman' (str/Previous cli command)
2023-08-31T13:02:13.671875+00:00 DEBUG 'ansible_navigator.actions.run_c41a._update_args' Running with container_options as 'Not set' (Constants/Not set)
2023-08-31T13:02:13.672086+00:00 DEBUG 'ansible_navigator.actions.run_c41a._update_args' Running with display_color as 'True' (bool/Defaults)
2023-08-31T13:02:13.672285+00:00 DEBUG 'ansible_navigator.actions.run_c41a._update_args' Running with editor_command as 'vi +{line_number} {filename}' (str/Defaults)
2023-08-31T13:02:13.674022+00:00 DEBUG 'ansible_navigator.actions.run_c41a._update_args' Running with editor_console as 'True' (bool/Defaults)
2023-08-31T13:02:13.674241+00:00 DEBUG 'ansible_navigator.actions.run_c41a._update_args' Running with enable_prompts as 'False' (bool/Defaults)
2023-08-31T13:02:13.674441+00:00 DEBUG 'ansible_navigator.actions.run_c41a._update_args' Running with exec_command as '/bin/bash' (str/Defaults)
2023-08-31T13:02:13.674638+00:00 DEBUG 'ansible_navigator.actions.run_c41a._update_args' Running with exec_shell as 'True' (bool/Defaults)
2023-08-31T13:02:13.675166+00:00 DEBUG 'ansible_navigator.actions.run_c41a._update_args' Running with execution_environment as 'True' (bool/Previous cli command)
2023-08-31T13:02:13.675386+00:00 DEBUG 'ansible_navigator.actions.run_c41a._update_args' Running with execution_environment_image as 'automationhub.bpic.mainline.com/ibm-flashsystem-ee:latest' (str/Previous cli command)
2023-08-31T13:02:13.675583+00:00 DEBUG 'ansible_navigator.actions.run_c41a._update_args' Running with execution_environment_volume_mounts as 'Not set' (Constants/Not set)
2023-08-31T13:02:13.675778+00:00 DEBUG 'ansible_navigator.actions.run_c41a._update_args' Running with format as 'yaml' (str/Defaults)
2023-08-31T13:02:13.678949+00:00 DEBUG 'ansible_navigator.actions.run_c41a._update_args' Running with help_builder as 'False' (bool/Defaults)
2023-08-31T13:02:13.679622+00:00 DEBUG 'ansible_navigator.actions.run_c41a._update_args' Running with help_config as 'False' (bool/Settings file)
2023-08-31T13:02:13.679837+00:00 DEBUG 'ansible_navigator.actions.run_c41a._update_args' Running with help_doc as 'False' (bool/Defaults)
2023-08-31T13:02:13.680068+00:00 DEBUG 'ansible_navigator.actions.run_c41a._update_args' Running with help_inventory as 'True' (bool/Settings file)
2023-08-31T13:02:13.680283+00:00 DEBUG 'ansible_navigator.actions.run_c41a._update_args' Running with help_playbook as 'False' (bool/Defaults)
2023-08-31T13:02:13.680485+00:00 DEBUG 'ansible_navigator.actions.run_c41a._update_args' Running with images_details as '['everything']' (list/Defaults)
2023-08-31T13:02:13.680684+00:00 DEBUG 'ansible_navigator.actions.run_c41a._update_args' Running with inventory as '['/home/ansible/playbooks/flashsystem_setup/inventory']' (list/Settings file)
2023-08-31T13:02:13.680965+00:00 DEBUG 'ansible_navigator.actions.run_c41a._update_args' Running with inventory_column as 'Not set' (Constants/Not set)
2023-08-31T13:02:13.683970+00:00 DEBUG 'ansible_navigator.actions.run_c41a._update_args' Running with lint_config as 'Not set' (Constants/Not set)
2023-08-31T13:02:13.684223+00:00 DEBUG 'ansible_navigator.actions.run_c41a._update_args' Running with lintables as 'Not set' (Constants/Not set)
2023-08-31T13:02:13.684472+00:00 DEBUG 'ansible_navigator.actions.run_c41a._update_args' Running with log_append as 'False' (bool/Settings file)
2023-08-31T13:02:13.684723+00:00 DEBUG 'ansible_navigator.actions.run_c41a._update_args' Running with log_file as '/home/ansible/playbooks/flashsystem_setup/ansible-navigator.log' (str/Defaults)
2023-08-31T13:02:13.684968+00:00 DEBUG 'ansible_navigator.actions.run_c41a._update_args' Running with log_level as 'debug' (str/Settings file)
2023-08-31T13:02:13.685956+00:00 DEBUG 'ansible_navigator.actions.run_c41a._update_args' Running with mode as 'interactive' (str/Defaults)
2023-08-31T13:02:13.686175+00:00 DEBUG 'ansible_navigator.actions.run_c41a._update_args' Running with osc4 as 'True' (bool/Defaults)
2023-08-31T13:02:13.686375+00:00 DEBUG 'ansible_navigator.actions.run_c41a._update_args' Running with pass_environment_variable as 'Not set' (Constants/Not set)
2023-08-31T13:02:13.686573+00:00 DEBUG 'ansible_navigator.actions.run_c41a._update_args' Running with playbook as '/home/ansible/playbooks/flashsystem_setup/flashsystem_thin_to_thick.yml' (str/Previous cli command)
2023-08-31T13:02:13.686769+00:00 DEBUG 'ansible_navigator.actions.run_c41a._update_args' Running with playbook_artifact_enable as 'True' (bool/Defaults)
2023-08-31T13:02:13.686984+00:00 DEBUG 'ansible_navigator.actions.run_c41a._update_args' Running with playbook_artifact_replay as 'Not set' (Constants/Not set)
2023-08-31T13:02:13.687183+00:00 DEBUG 'ansible_navigator.actions.run_c41a._update_args' Running with playbook_artifact_save_as as '{playbook_dir}/{playbook_name}-artifact-{time_stamp}.json' (str/Defaults)
2023-08-31T13:02:13.687377+00:00 DEBUG 'ansible_navigator.actions.run_c41a._update_args' Running with plugin_name as 'Not set' (Constants/Not set)
2023-08-31T13:02:13.690958+00:00 DEBUG 'ansible_navigator.actions.run_c41a._update_args' Running with plugin_type as 'module' (str/Defaults)
2023-08-31T13:02:13.693949+00:00 DEBUG 'ansible_navigator.actions.run_c41a._update_args' Running with pull_arguments as '['--tls-verify=false']' (list/Settings file)
2023-08-31T13:02:13.694167+00:00 DEBUG 'ansible_navigator.actions.run_c41a._update_args' Running with pull_policy as 'tag' (str/Defaults)
2023-08-31T13:02:13.694370+00:00 DEBUG 'ansible_navigator.actions.run_c41a._update_args' Running with set_environment_variable as 'Not set' (Constants/Not set)
2023-08-31T13:02:13.694575+00:00 DEBUG 'ansible_navigator.actions.run_c41a._update_args' Running with settings_effective as 'False' (bool/Defaults)
2023-08-31T13:02:13.694771+00:00 DEBUG 'ansible_navigator.actions.run_c41a._update_args' Running with settings_sample as 'False' (bool/Defaults)
2023-08-31T13:02:13.694978+00:00 DEBUG 'ansible_navigator.actions.run_c41a._update_args' Running with settings_schema as 'json' (str/Defaults)
2023-08-31T13:02:13.695179+00:00 DEBUG 'ansible_navigator.actions.run_c41a._update_args' Running with settings_sources as 'False' (bool/Defaults)
2023-08-31T13:02:13.697948+00:00 DEBUG 'ansible_navigator.actions.run_c41a._update_args' Running with time_zone as 'UTC' (str/Defaults)
2023-08-31T13:02:13.698160+00:00 DEBUG 'ansible_navigator.actions.run_c41a._update_args' Running with workdir as '/home/ansible/playbooks/flashsystem_setup' (str/Defaults)
2023-08-31T13:02:13.701790+00:00 DEBUG 'ansible_navigator.runner.base._set_private_data_directory' private data dir not user provided, used tmp location: /tmp/ansible-navigator_nqr5l0ta
2023-08-31T13:02:13.702224+00:00 DEBUG 'ansible_navigator.runner.base.generate_run_command_args' Runner arg: container_image:automationhub.bpic.mainline.com/ibm-flashsystem-ee:latest
2023-08-31T13:02:13.702447+00:00 DEBUG 'ansible_navigator.runner.base.generate_run_command_args' Runner arg: process_isolation_executable:podman
2023-08-31T13:02:13.702654+00:00 DEBUG 'ansible_navigator.runner.base.generate_run_command_args' Runner arg: process_isolation:True
2023-08-31T13:02:13.702913+00:00 DEBUG 'ansible_navigator.runner.base.generate_run_command_args' Runner arg: container_volume_mounts:None
2023-08-31T13:02:13.703136+00:00 DEBUG 'ansible_navigator.runner.base.generate_run_command_args' Runner arg: container_options:['--user=root']
2023-08-31T13:02:13.703348+00:00 DEBUG 'ansible_navigator.runner.base.generate_run_command_args' Runner arg: container_workdir:None
2023-08-31T13:02:13.703550+00:00 DEBUG 'ansible_navigator.runner.base.generate_run_command_args' Runner arg: private_data_dir:/tmp/ansible-navigator_nqr5l0ta
2023-08-31T13:02:13.703755+00:00 DEBUG 'ansible_navigator.runner.base.generate_run_command_args' Runner arg: json_mode:True
2023-08-31T13:02:13.706946+00:00 DEBUG 'ansible_navigator.runner.base.generate_run_command_args' Runner arg: quiet:True
2023-08-31T13:02:13.707158+00:00 DEBUG 'ansible_navigator.runner.base.generate_run_command_args' Runner arg: cancel_callback:<bound method Base.runner_cancelled_callback of <ansible_navigator.runner.command_async.CommandAsync object at 0x7fdd846bb040>>
2023-08-31T13:02:13.707371+00:00 DEBUG 'ansible_navigator.runner.base.generate_run_command_args' Runner arg: finished_callback:<bound method Base.runner_finished_callback of <ansible_navigator.runner.command_async.CommandAsync object at 0x7fdd846bb040>>
2023-08-31T13:02:13.707580+00:00 DEBUG 'ansible_navigator.runner.base.generate_run_command_args' Runner arg: timeout:None
2023-08-31T13:02:13.707779+00:00 DEBUG 'ansible_navigator.runner.base.generate_run_command_args' Runner arg: envvars:{'ANSIBLE_FORCE_COLOR': '0'}
2023-08-31T13:02:13.707988+00:00 DEBUG 'ansible_navigator.runner.base.generate_run_command_args' Runner arg: host_cwd:/home/ansible/playbooks/flashsystem_setup/
2023-08-31T13:02:13.712950+00:00 DEBUG 'ansible_navigator.runner.base.generate_run_command_args' Runner arg: executable_cmd:ansible-playbook
2023-08-31T13:02:13.715947+00:00 DEBUG 'ansible_navigator.runner.base.generate_run_command_args' Runner arg: cmdline_args:['/home/ansible/playbooks/flashsystem_setup/flashsystem_thin_to_thick.yml', '-i', '/home/ansible/playbooks/flashsystem_setup/inventory']
2023-08-31T13:02:13.726628+00:00 DEBUG 'ansible-runner._handle_command_wrap' containerization enabled
2023-08-31T13:02:13.727657+00:00 DEBUG 'ansible-runner.wrap_args_for_containerization' container engine invocation: podman run --rm --tty --interactive -v /home/ansible/playbooks/flashsystem_setup/:/home/ansible/playbooks/flashsystem_setup/ --workdir /home/ansible/playbooks/flashsystem_setup -v /home/ansible/.ssh/:/home/runner/.ssh/ -v /home/ansible/.ssh/:/root/.ssh/ --group-add=root --ipc=host -v /tmp/ansible-navigator_nqr5l0ta/artifacts/:/runner/artifacts/:Z -v /tmp/ansible-navigator_nqr5l0ta/:/runner/:Z --env-file /tmp/ansible-navigator_nqr5l0ta/artifacts/ac99aebf-05b2-455a-a5a5-73465848a192/env.list --quiet --name ansible_runner_ac99aebf-05b2-455a-a5a5-73465848a192 --user=root automationhub.bpic.mainline.com/ibm-flashsystem-ee:latest ansible-playbook /home/ansible/playbooks/flashsystem_setup/flashsystem_thin_to_thick.yml -i /home/ansible/playbooks/flashsystem_setup/inventory
2023-08-31T13:02:13.728965+00:00 DEBUG 'ansible-runner._handle_command_wrap' command: podman run --rm --tty --interactive -v /home/ansible/playbooks/flashsystem_setup/:/home/ansible/playbooks/flashsystem_setup/ --workdir /home/ansible/playbooks/flashsystem_setup -v /home/ansible/.ssh/:/home/runner/.ssh/ -v /home/ansible/.ssh/:/root/.ssh/ --group-add=root --ipc=host -v /tmp/ansible-navigator_nqr5l0ta/artifacts/:/runner/artifacts/:Z -v /tmp/ansible-navigator_nqr5l0ta/:/runner/:Z --env-file /tmp/ansible-navigator_nqr5l0ta/artifacts/ac99aebf-05b2-455a-a5a5-73465848a192/env.list --quiet --name ansible_runner_ac99aebf-05b2-455a-a5a5-73465848a192 --user=root automationhub.bpic.mainline.com/ibm-flashsystem-ee:latest ansible-playbook /home/ansible/playbooks/flashsystem_setup/flashsystem_thin_to_thick.yml -i /home/ansible/playbooks/flashsystem_setup/inventory
2023-08-31T13:02:13.744105+00:00 DEBUG 'ansible_navigator.actions.run_c41a._run_runner' runner requested to start
2023-08-31T13:02:13.744471+00:00 INFO 'ansible_navigator.actions.run_c41a._init_run' Run initialized and playbook started.
2023-08-31T13:02:13.744923+00:00 DEBUG 'ansible_navigator.ui_framework.curses_window.__init__' self._ui_config: UIConfig(color=True, colors_initialized=True, grammar_dir=PosixPath('/usr/lib/python3.9/site-packages/ansible_navigator/data/grammar'), osc4=True, terminal_colors_path=PosixPath('/usr/lib/python3.9/site-packages/ansible_navigator/data/themes/terminal_colors.json'), theme_path=PosixPath('/usr/lib/python3.9/site-packages/ansible_navigator/data/themes/dark_vs.json'))
2023-08-31T13:02:13.900084+00:00 DEBUG 'ansible_navigator.ui_framework.curses_window.__init__' self._ui_config: UIConfig(color=True, colors_initialized=True, grammar_dir=PosixPath('/usr/lib/python3.9/site-packages/ansible_navigator/data/grammar'), osc4=True, terminal_colors_path=PosixPath('/usr/lib/python3.9/site-packages/ansible_navigator/data/themes/terminal_colors.json'), theme_path=PosixPath('/usr/lib/python3.9/site-packages/ansible_navigator/data/themes/dark_vs.json'))
2023-08-31T13:02:22.874457+00:00 DEBUG 'ansible_navigator.runner.base._event_handler' ansible-runner event handle: {'event': 'verbose', 'uuid': '7a632828-f077-458f-9b42-0d36d6a083a8', 'counter': 1, 'stdout': '\x1b[1;35m[WARNING]:  * Failed to parse\x1b[0m', 'start_line': 0, 'end_line': 1, 'runner_ident': 'ac99aebf-05b2-455a-a5a5-73465848a192', 'created': '2023-08-31T13:02:22.874393'}
2023-08-31T13:02:22.876290+00:00 DEBUG 'ansible_navigator.runner.base._event_handler' ansible-runner event handle: {'event': 'verbose', 'uuid': '29cfae48-708c-44e1-a463-fb292400e3d2', 'counter': 2, 'stdout': '\x1b[1;35m/home/ansible/playbooks/flashsystem_setup/inventory with yaml plugin: YAML\x1b[0m', 'start_line': 1, 'end_line': 2, 'runner_ident': 'ac99aebf-05b2-455a-a5a5-73465848a192', 'created': '2023-08-31T13:02:22.876273'}
2023-08-31T13:02:22.876522+00:00 DEBUG 'ansible_navigator.runner.base._event_handler' ansible-runner event handle: {'event': 'verbose', 'uuid': 'da6bde04-0d29-4a3a-b881-9bbb3aa4b87b', 'counter': 3, 'stdout': '\x1b[1;35minventory has invalid structure, it should be a dictionary, got: <class\x1b[0m', 'start_line': 2, 'end_line': 3, 'runner_ident': 'ac99aebf-05b2-455a-a5a5-73465848a192', 'created': '2023-08-31T13:02:22.876506'}
2023-08-31T13:02:22.876720+00:00 DEBUG 'ansible_navigator.runner.base._event_handler' ansible-runner event handle: {'event': 'verbose', 'uuid': '18bb9be9-292d-47c7-a4ef-3f4abcb09a2d', 'counter': 4, 'stdout': "\x1b[1;35m'ansible.parsing.yaml.objects.AnsibleUnicode'>\x1b[0m", 'start_line': 3, 'end_line': 4, 'runner_ident': 'ac99aebf-05b2-455a-a5a5-73465848a192', 'created': '2023-08-31T13:02:22.876706'}
2023-08-31T13:02:22.877096+00:00 DEBUG 'ansible_navigator.runner.base._event_handler' ansible-runner event handle: {'event': 'verbose', 'uuid': '34e4cca9-ebb8-4798-ac19-b311c8018e26', 'counter': 5, 'stdout': '\x1b[1;35m[WARNING]:  * Failed to parse\x1b[0m', 'start_line': 4, 'end_line': 5, 'runner_ident': 'ac99aebf-05b2-455a-a5a5-73465848a192', 'created': '2023-08-31T13:02:22.877080'}
2023-08-31T13:02:22.877308+00:00 DEBUG 'ansible_navigator.runner.base._event_handler' ansible-runner event handle: {'event': 'verbose', 'uuid': '00d8c7d7-54e4-466a-a372-7e3ab65ddd6b', 'counter': 6, 'stdout': '\x1b[1;35m/home/ansible/playbooks/flashsystem_setup/inventory with ini plugin:\x1b[0m', 'start_line': 5, 'end_line': 6, 'runner_ident': 'ac99aebf-05b2-455a-a5a5-73465848a192', 'created': '2023-08-31T13:02:22.877294'}
2023-08-31T13:02:22.877502+00:00 DEBUG 'ansible_navigator.runner.base._event_handler' ansible-runner event handle: {'event': 'verbose', 'uuid': '61416c99-aee8-41b3-be26-024adbfe02f7', 'counter': 7, 'stdout': '\x1b[1;35m/home/ansible/playbooks/flashsystem_setup/inventory:1: Expected key=value host\x1b[0m', 'start_line': 6, 'end_line': 7, 'runner_ident': 'ac99aebf-05b2-455a-a5a5-73465848a192', 'created': '2023-08-31T13:02:22.877488'}
2023-08-31T13:02:22.877691+00:00 DEBUG 'ansible_navigator.runner.base._event_handler' ansible-runner event handle: {'event': 'verbose', 'uuid': '1caade68-d8ad-42bd-a755-1811d47654c6', 'counter': 8, 'stdout': '\x1b[1;35mvariable assignment, got: 127.0.0.1\x1b[0m', 'start_line': 7, 'end_line': 8, 'runner_ident': 'ac99aebf-05b2-455a-a5a5-73465848a192', 'created': '2023-08-31T13:02:22.877677'}
2023-08-31T13:02:22.877913+00:00 DEBUG 'ansible_navigator.runner.base._event_handler' ansible-runner event handle: {'event': 'verbose', 'uuid': '502cf5ad-11d5-4438-9694-13963ba96504', 'counter': 9, 'stdout': '\x1b[1;35m[WARNING]: Unable to parse /home/ansible/playbooks/flashsystem_setup/inventory\x1b[0m', 'start_line': 8, 'end_line': 9, 'runner_ident': 'ac99aebf-05b2-455a-a5a5-73465848a192', 'created': '2023-08-31T13:02:22.877898'}
2023-08-31T13:02:22.880098+00:00 CRITICAL 'ansible_navigator.actions.run_c41a._handle_message' Unhandled message from runner queue, discarded: {'event': 'verbose', 'uuid': '7a632828-f077-458f-9b42-0d36d6a083a8', 'counter': 1, 'stdout': '\x1b[1;35m[WARNING]:  * Failed to parse\x1b[0m', 'start_line': 0, 'end_line': 1, 'runner_ident': 'ac99aebf-05b2-455a-a5a5-73465848a192', 'created': '2023-08-31T13:02:22.874393'}
2023-08-31T13:02:22.880254+00:00 CRITICAL 'ansible_navigator.actions.run_c41a._handle_message' Unhandled message from runner queue, discarded: {'event': 'verbose', 'uuid': '29cfae48-708c-44e1-a463-fb292400e3d2', 'counter': 2, 'stdout': '\x1b[1;35m/home/ansible/playbooks/flashsystem_setup/inventory with yaml plugin: YAML\x1b[0m', 'start_line': 1, 'end_line': 2, 'runner_ident': 'ac99aebf-05b2-455a-a5a5-73465848a192', 'created': '2023-08-31T13:02:22.876273'}
2023-08-31T13:02:22.880371+00:00 CRITICAL 'ansible_navigator.actions.run_c41a._handle_message' Unhandled message from runner queue, discarded: {'event': 'verbose', 'uuid': 'da6bde04-0d29-4a3a-b881-9bbb3aa4b87b', 'counter': 3, 'stdout': '\x1b[1;35minventory has invalid structure, it should be a dictionary, got: <class\x1b[0m', 'start_line': 2, 'end_line': 3, 'runner_ident': 'ac99aebf-05b2-455a-a5a5-73465848a192', 'created': '2023-08-31T13:02:22.876506'}
2023-08-31T13:02:22.880481+00:00 CRITICAL 'ansible_navigator.actions.run_c41a._handle_message' Unhandled message from runner queue, discarded: {'event': 'verbose', 'uuid': '18bb9be9-292d-47c7-a4ef-3f4abcb09a2d', 'counter': 4, 'stdout': "\x1b[1;35m'ansible.parsing.yaml.objects.AnsibleUnicode'>\x1b[0m", 'start_line': 3, 'end_line': 4, 'runner_ident': 'ac99aebf-05b2-455a-a5a5-73465848a192', 'created': '2023-08-31T13:02:22.876706'}
2023-08-31T13:02:22.880587+00:00 CRITICAL 'ansible_navigator.actions.run_c41a._handle_message' Unhandled message from runner queue, discarded: {'event': 'verbose', 'uuid': '34e4cca9-ebb8-4798-ac19-b311c8018e26', 'counter': 5, 'stdout': '\x1b[1;35m[WARNING]:  * Failed to parse\x1b[0m', 'start_line': 4, 'end_line': 5, 'runner_ident': 'ac99aebf-05b2-455a-a5a5-73465848a192', 'created': '2023-08-31T13:02:22.877080'}
2023-08-31T13:02:22.880691+00:00 CRITICAL 'ansible_navigator.actions.run_c41a._handle_message' Unhandled message from runner queue, discarded: {'event': 'verbose', 'uuid': '00d8c7d7-54e4-466a-a372-7e3ab65ddd6b', 'counter': 6, 'stdout': '\x1b[1;35m/home/ansible/playbooks/flashsystem_setup/inventory with ini plugin:\x1b[0m', 'start_line': 5, 'end_line': 6, 'runner_ident': 'ac99aebf-05b2-455a-a5a5-73465848a192', 'created': '2023-08-31T13:02:22.877294'}
2023-08-31T13:02:22.880796+00:00 CRITICAL 'ansible_navigator.actions.run_c41a._handle_message' Unhandled message from runner queue, discarded: {'event': 'verbose', 'uuid': '61416c99-aee8-41b3-be26-024adbfe02f7', 'counter': 7, 'stdout': '\x1b[1;35m/home/ansible/playbooks/flashsystem_setup/inventory:1: Expected key=value host\x1b[0m', 'start_line': 6, 'end_line': 7, 'runner_ident': 'ac99aebf-05b2-455a-a5a5-73465848a192', 'created': '2023-08-31T13:02:22.877488'}
2023-08-31T13:02:22.880976+00:00 DEBUG 'ansible_navigator.runner.base._event_handler' ansible-runner event handle: {'event': 'verbose', 'uuid': 'c302565c-cd60-416e-a4ab-19d9c0412195', 'counter': 10, 'stdout': '\x1b[1;35mas an inventory source\x1b[0m', 'start_line': 9, 'end_line': 10, 'runner_ident': 'ac99aebf-05b2-455a-a5a5-73465848a192', 'created': '2023-08-31T13:02:22.880957'}
2023-08-31T13:02:22.883321+00:00 DEBUG 'ansible_navigator.runner.base._event_handler' ansible-runner event handle: {'event': 'verbose', 'uuid': 'ed49cea5-df46-4a89-96c7-406ee3135d06', 'counter': 11, 'stdout': '\x1b[1;35m[WARNING]: No inventory was parsed, only implicit localhost is available\x1b[0m', 'start_line': 10, 'end_line': 11, 'runner_ident': 'ac99aebf-05b2-455a-a5a5-73465848a192', 'created': '2023-08-31T13:02:22.883304'}
2023-08-31T13:02:22.882924+00:00 CRITICAL 'ansible_navigator.actions.run_c41a._handle_message' Unhandled message from runner queue, discarded: {'event': 'verbose', 'uuid': '1caade68-d8ad-42bd-a755-1811d47654c6', 'counter': 8, 'stdout': '\x1b[1;35mvariable assignment, got: 127.0.0.1\x1b[0m', 'start_line': 7, 'end_line': 8, 'runner_ident': 'ac99aebf-05b2-455a-a5a5-73465848a192', 'created': '2023-08-31T13:02:22.877677'}
2023-08-31T13:02:22.884965+00:00 CRITICAL 'ansible_navigator.actions.run_c41a._handle_message' Unhandled message from runner queue, discarded: {'event': 'verbose', 'uuid': '502cf5ad-11d5-4438-9694-13963ba96504', 'counter': 9, 'stdout': '\x1b[1;35m[WARNING]: Unable to parse /home/ansible/playbooks/flashsystem_setup/inventory\x1b[0m', 'start_line': 8, 'end_line': 9, 'runner_ident': 'ac99aebf-05b2-455a-a5a5-73465848a192', 'created': '2023-08-31T13:02:22.877898'}
2023-08-31T13:02:22.885084+00:00 CRITICAL 'ansible_navigator.actions.run_c41a._handle_message' Unhandled message from runner queue, discarded: {'event': 'verbose', 'uuid': 'c302565c-cd60-416e-a4ab-19d9c0412195', 'counter': 10, 'stdout': '\x1b[1;35mas an inventory source\x1b[0m', 'start_line': 9, 'end_line': 10, 'runner_ident': 'ac99aebf-05b2-455a-a5a5-73465848a192', 'created': '2023-08-31T13:02:22.880957'}
2023-08-31T13:02:22.885191+00:00 CRITICAL 'ansible_navigator.actions.run_c41a._handle_message' Unhandled message from runner queue, discarded: {'event': 'verbose', 'uuid': 'ed49cea5-df46-4a89-96c7-406ee3135d06', 'counter': 11, 'stdout': '\x1b[1;35m[WARNING]: No inventory was parsed, only implicit localhost is available\x1b[0m', 'start_line': 10, 'end_line': 11, 'runner_ident': 'ac99aebf-05b2-455a-a5a5-73465848a192', 'created': '2023-08-31T13:02:22.883304'}
2023-08-31T13:02:22.885263+00:00 DEBUG 'ansible_navigator.actions.run_c41a._dequeue' Drained 11 events
2023-08-31T13:02:22.919445+00:00 DEBUG 'ansible_navigator.runner.base._event_handler' ansible-runner event handle: {'event': 'verbose', 'uuid': '93e1a692-2643-4d36-bd26-98c5f5712cdd', 'counter': 12, 'stdout': '\x1b[1;35m[WARNING]: provided hosts list is empty, only localhost is available. Note that\x1b[0m', 'start_line': 11, 'end_line': 12, 'runner_ident': 'ac99aebf-05b2-455a-a5a5-73465848a192', 'created': '2023-08-31T13:02:22.919389'}
2023-08-31T13:02:22.920568+00:00 DEBUG 'ansible_navigator.runner.base._event_handler' ansible-runner event handle: {'event': 'verbose', 'uuid': '080f5f58-0b45-45b4-9f61-cd65cf8b76bc', 'counter': 13, 'stdout': "\x1b[1;35mthe implicit localhost does not match 'all'\x1b[0m", 'start_line': 12, 'end_line': 13, 'runner_ident': 'ac99aebf-05b2-455a-a5a5-73465848a192', 'created': '2023-08-31T13:02:22.920551'}
2023-08-31T13:02:22.994420+00:00 DEBUG 'ansible_navigator.actions.run_c41a._take_step' auto_scroll enabled
2023-08-31T13:02:22.994677+00:00 CRITICAL 'ansible_navigator.actions.run_c41a._handle_message' Unhandled message from runner queue, discarded: {'event': 'verbose', 'uuid': '93e1a692-2643-4d36-bd26-98c5f5712cdd', 'counter': 12, 'stdout': '\x1b[1;35m[WARNING]: provided hosts list is empty, only localhost is available. Note that\x1b[0m', 'start_line': 11, 'end_line': 12, 'runner_ident': 'ac99aebf-05b2-455a-a5a5-73465848a192', 'created': '2023-08-31T13:02:22.919389'}
2023-08-31T13:02:22.994802+00:00 CRITICAL 'ansible_navigator.actions.run_c41a._handle_message' Unhandled message from runner queue, discarded: {'event': 'verbose', 'uuid': '080f5f58-0b45-45b4-9f61-cd65cf8b76bc', 'counter': 13, 'stdout': "\x1b[1;35mthe implicit localhost does not match 'all'\x1b[0m", 'start_line': 12, 'end_line': 13, 'runner_ident': 'ac99aebf-05b2-455a-a5a5-73465848a192', 'created': '2023-08-31T13:02:22.920551'}
2023-08-31T13:02:22.994910+00:00 DEBUG 'ansible_navigator.actions.run_c41a._dequeue' Drained 2 events
2023-08-31T13:02:24.486166+00:00 DEBUG 'ansible_navigator.runner.base._event_handler' ansible-runner event handle: {'event': 'verbose', 'uuid': '97984700-79cb-4a02-a959-7099b5f6aebc', 'counter': 14, 'stdout': "\x1b[0;31mERROR! couldn't resolve module/action 'ibm.storage_virutalize.ibm_svc_manage_volume'. This often indicates a misspelling, missing collection, or incorrect module path.\x1b[0m", 'start_line': 13, 'end_line': 14, 'runner_ident': 'ac99aebf-05b2-455a-a5a5-73465848a192', 'created': '2023-08-31T13:02:24.486129'}
2023-08-31T13:02:24.487432+00:00 DEBUG 'ansible_navigator.runner.base._event_handler' ansible-runner event handle: {'event': 'verbose', 'uuid': 'b1bb2f19-a594-4bfe-8d0c-9f560eba829e', 'counter': 15, 'stdout': '\x1b[0;31m\x1b[0m', 'start_line': 14, 'end_line': 15, 'runner_ident': 'ac99aebf-05b2-455a-a5a5-73465848a192', 'created': '2023-08-31T13:02:24.487414'}
2023-08-31T13:02:24.487979+00:00 DEBUG 'ansible_navigator.runner.base._event_handler' ansible-runner event handle: {'event': 'verbose', 'uuid': '4026d4e4-1042-4385-9b62-9317a23a8a4a', 'counter': 16, 'stdout': "\x1b[0;31mThe error appears to be in '/home/ansible/playbooks/flashsystem_setup/flashsystem_thin_to_thick.yml': line 10, column 5, but may\x1b[0m", 'start_line': 15, 'end_line': 16, 'runner_ident': 'ac99aebf-05b2-455a-a5a5-73465848a192', 'created': '2023-08-31T13:02:24.487962'}
2023-08-31T13:02:24.488758+00:00 DEBUG 'ansible_navigator.runner.base._event_handler' ansible-runner event handle: {'event': 'verbose', 'uuid': '2adfa06c-d8f0-4f53-9495-84d97825ff4c', 'counter': 17, 'stdout': '\x1b[0;31mbe elsewhere in the file depending on the exact syntax problem.\x1b[0m', 'start_line': 16, 'end_line': 17, 'runner_ident': 'ac99aebf-05b2-455a-a5a5-73465848a192', 'created': '2023-08-31T13:02:24.488742'}
2023-08-31T13:02:24.489313+00:00 DEBUG 'ansible_navigator.runner.base._event_handler' ansible-runner event handle: {'event': 'verbose', 'uuid': '938072c8-e1e5-426d-b733-50c61866c1b5', 'counter': 18, 'stdout': '\x1b[0;31m\x1b[0m', 'start_line': 17, 'end_line': 18, 'runner_ident': 'ac99aebf-05b2-455a-a5a5-73465848a192', 'created': '2023-08-31T13:02:24.489287'}
2023-08-31T13:02:24.490198+00:00 DEBUG 'ansible_navigator.runner.base._event_handler' ansible-runner event handle: {'event': 'verbose', 'uuid': '498dc550-0f29-4df8-b60d-8fb910ecd6fa', 'counter': 19, 'stdout': '\x1b[0;31mThe offending line appears to be:\x1b[0m', 'start_line': 18, 'end_line': 19, 'runner_ident': 'ac99aebf-05b2-455a-a5a5-73465848a192', 'created': '2023-08-31T13:02:24.490182'}
2023-08-31T13:02:24.490716+00:00 DEBUG 'ansible_navigator.runner.base._event_handler' ansible-runner event handle: {'event': 'verbose', 'uuid': 'cf0affdc-f175-4ba6-91d5-5a15b304c771', 'counter': 20, 'stdout': '\x1b[0;31m\x1b[0m', 'start_line': 19, 'end_line': 20, 'runner_ident': 'ac99aebf-05b2-455a-a5a5-73465848a192', 'created': '2023-08-31T13:02:24.490700'}
2023-08-31T13:02:24.491342+00:00 DEBUG 'ansible_navigator.runner.base._event_handler' ansible-runner event handle: {'event': 'verbose', 'uuid': '8d8f4db0-dcb6-4d34-afc1-51632b647f1a', 'counter': 21, 'stdout': '\x1b[0;31m  tasks:\x1b[0m', 'start_line': 20, 'end_line': 21, 'runner_ident': 'ac99aebf-05b2-455a-a5a5-73465848a192', 'created': '2023-08-31T13:02:24.491326'}
2023-08-31T13:02:24.491999+00:00 DEBUG 'ansible_navigator.runner.base._event_handler' ansible-runner event handle: {'event': 'verbose', 'uuid': 'a216d669-c8e6-46f3-a82a-f95c2b2385ca', 'counter': 22, 'stdout': '\x1b[0;31m  - name: change volume ansible1 from thin to thick using ibm.storage_virutalize.ibm_svc_manage_volume\x1b[0m', 'start_line': 21, 'end_line': 22, 'runner_ident': 'ac99aebf-05b2-455a-a5a5-73465848a192', 'created': '2023-08-31T13:02:24.491983'}
2023-08-31T13:02:24.492637+00:00 DEBUG 'ansible_navigator.runner.base._event_handler' ansible-runner event handle: {'event': 'verbose', 'uuid': '4732b7ab-6a78-4be9-ae1f-2d0d44ce0033', 'counter': 23, 'stdout': '\x1b[0;31m    ^ here\x1b[0m', 'start_line': 22, 'end_line': 23, 'runner_ident': 'ac99aebf-05b2-455a-a5a5-73465848a192', 'created': '2023-08-31T13:02:24.492621'}
2023-08-31T13:02:24.551623+00:00 CRITICAL 'ansible_navigator.actions.run_c41a._handle_message' Unhandled message from runner queue, discarded: {'event': 'verbose', 'uuid': '97984700-79cb-4a02-a959-7099b5f6aebc', 'counter': 14, 'stdout': "\x1b[0;31mERROR! couldn't resolve module/action 'ibm.storage_virutalize.ibm_svc_manage_volume'. This often indicates a misspelling, missing collection, or incorrect module path.\x1b[0m", 'start_line': 13, 'end_line': 14, 'runner_ident': 'ac99aebf-05b2-455a-a5a5-73465848a192', 'created': '2023-08-31T13:02:24.486129'}
2023-08-31T13:02:24.551856+00:00 CRITICAL 'ansible_navigator.actions.run_c41a._handle_message' Unhandled message from runner queue, discarded: {'event': 'verbose', 'uuid': 'b1bb2f19-a594-4bfe-8d0c-9f560eba829e', 'counter': 15, 'stdout': '\x1b[0;31m\x1b[0m', 'start_line': 14, 'end_line': 15, 'runner_ident': 'ac99aebf-05b2-455a-a5a5-73465848a192', 'created': '2023-08-31T13:02:24.487414'}
2023-08-31T13:02:24.551979+00:00 CRITICAL 'ansible_navigator.actions.run_c41a._handle_message' Unhandled message from runner queue, discarded: {'event': 'verbose', 'uuid': '4026d4e4-1042-4385-9b62-9317a23a8a4a', 'counter': 16, 'stdout': "\x1b[0;31mThe error appears to be in '/home/ansible/playbooks/flashsystem_setup/flashsystem_thin_to_thick.yml': line 10, column 5, but may\x1b[0m", 'start_line': 15, 'end_line': 16, 'runner_ident': 'ac99aebf-05b2-455a-a5a5-73465848a192', 'created': '2023-08-31T13:02:24.487962'}
2023-08-31T13:02:24.552091+00:00 CRITICAL 'ansible_navigator.actions.run_c41a._handle_message' Unhandled message from runner queue, discarded: {'event': 'verbose', 'uuid': '2adfa06c-d8f0-4f53-9495-84d97825ff4c', 'counter': 17, 'stdout': '\x1b[0;31mbe elsewhere in the file depending on the exact syntax problem.\x1b[0m', 'start_line': 16, 'end_line': 17, 'runner_ident': 'ac99aebf-05b2-455a-a5a5-73465848a192', 'created': '2023-08-31T13:02:24.488742'}
2023-08-31T13:02:24.552200+00:00 CRITICAL 'ansible_navigator.actions.run_c41a._handle_message' Unhandled message from runner queue, discarded: {'event': 'verbose', 'uuid': '938072c8-e1e5-426d-b733-50c61866c1b5', 'counter': 18, 'stdout': '\x1b[0;31m\x1b[0m', 'start_line': 17, 'end_line': 18, 'runner_ident': 'ac99aebf-05b2-455a-a5a5-73465848a192', 'created': '2023-08-31T13:02:24.489287'}
2023-08-31T13:02:24.552317+00:00 CRITICAL 'ansible_navigator.actions.run_c41a._handle_message' Unhandled message from runner queue, discarded: {'event': 'verbose', 'uuid': '498dc550-0f29-4df8-b60d-8fb910ecd6fa', 'counter': 19, 'stdout': '\x1b[0;31mThe offending line appears to be:\x1b[0m', 'start_line': 18, 'end_line': 19, 'runner_ident': 'ac99aebf-05b2-455a-a5a5-73465848a192', 'created': '2023-08-31T13:02:24.490182'}
2023-08-31T13:02:24.552425+00:00 CRITICAL 'ansible_navigator.actions.run_c41a._handle_message' Unhandled message from runner queue, discarded: {'event': 'verbose', 'uuid': 'cf0affdc-f175-4ba6-91d5-5a15b304c771', 'counter': 20, 'stdout': '\x1b[0;31m\x1b[0m', 'start_line': 19, 'end_line': 20, 'runner_ident': 'ac99aebf-05b2-455a-a5a5-73465848a192', 'created': '2023-08-31T13:02:24.490700'}
2023-08-31T13:02:24.552529+00:00 CRITICAL 'ansible_navigator.actions.run_c41a._handle_message' Unhandled message from runner queue, discarded: {'event': 'verbose', 'uuid': '8d8f4db0-dcb6-4d34-afc1-51632b647f1a', 'counter': 21, 'stdout': '\x1b[0;31m  tasks:\x1b[0m', 'start_line': 20, 'end_line': 21, 'runner_ident': 'ac99aebf-05b2-455a-a5a5-73465848a192', 'created': '2023-08-31T13:02:24.491326'}
2023-08-31T13:02:24.552632+00:00 CRITICAL 'ansible_navigator.actions.run_c41a._handle_message' Unhandled message from runner queue, discarded: {'event': 'verbose', 'uuid': 'a216d669-c8e6-46f3-a82a-f95c2b2385ca', 'counter': 22, 'stdout': '\x1b[0;31m  - name: change volume ansible1 from thin to thick using ibm.storage_virutalize.ibm_svc_manage_volume\x1b[0m', 'start_line': 21, 'end_line': 22, 'runner_ident': 'ac99aebf-05b2-455a-a5a5-73465848a192', 'created': '2023-08-31T13:02:24.491983'}
2023-08-31T13:02:24.552747+00:00 CRITICAL 'ansible_navigator.actions.run_c41a._handle_message' Unhandled message from runner queue, discarded: {'event': 'verbose', 'uuid': '4732b7ab-6a78-4be9-ae1f-2d0d44ce0033', 'counter': 23, 'stdout': '\x1b[0;31m    ^ here\x1b[0m', 'start_line': 22, 'end_line': 23, 'runner_ident': 'ac99aebf-05b2-455a-a5a5-73465848a192', 'created': '2023-08-31T13:02:24.492621'}
2023-08-31T13:02:24.552820+00:00 DEBUG 'ansible_navigator.actions.run_c41a._dequeue' Drained 10 events
2023-08-31T13:02:25.798062+00:00 DEBUG 'ansible_navigator.actions.run_c41a.update' runner finished
2023-08-31T13:02:25.798229+00:00 INFO 'ansible_navigator.actions.run_c41a.update' Playbook complete
2023-08-31T13:02:25.798430+00:00 DEBUG 'ansible_navigator.actions.run_c41a.write_artifact' Formatted artifact file name set to /home/ansible/playbooks/flashsystem_setup/flashsystem_thin_to_thick-artifact-2023-08-31T13:02:25.798400+00:00.json
2023-08-31T13:02:25.798551+00:00 DEBUG 'ansible_navigator.actions.run_c41a.write_artifact' Resolved artifact file name set to /home/ansible/playbooks/flashsystem_setup/flashsystem_thin_to_thick-artifact-2023-08-31T13:02:25.798400+00:00.json
2023-08-31T13:02:25.803425+00:00 INFO 'ansible_navigator.actions.run_c41a.write_artifact' Saved artifact as /home/ansible/playbooks/flashsystem_setup/flashsystem_thin_to_thick-artifact-2023-08-31T13:02:25.798400+00:00.json
2023-08-31T13:02:25.807873+00:00 DEBUG 'ansible_navigator.ui_framework.curses_window.__init__' self._ui_config: UIConfig(color=True, colors_initialized=True, grammar_dir=PosixPath('/usr/lib/python3.9/site-packages/ansible_navigator/data/grammar'), osc4=True, terminal_colors_path=PosixPath('/usr/lib/python3.9/site-packages/ansible_navigator/data/themes/terminal_colors.json'), theme_path=PosixPath('/usr/lib/python3.9/site-packages/ansible_navigator/data/themes/dark_vs.json'))
2023-08-31T13:02:25.859739+00:00 DEBUG 'ansible_navigator.ui_framework.curses_window.__init__' self._ui_config: UIConfig(color=True, colors_initialized=True, grammar_dir=PosixPath('/usr/lib/python3.9/site-packages/ansible_navigator/data/grammar'), osc4=True, terminal_colors_path=PosixPath('/usr/lib/python3.9/site-packages/ansible_navigator/data/themes/terminal_colors.json'), theme_path=PosixPath('/usr/lib/python3.9/site-packages/ansible_navigator/data/themes/dark_vs.json'))
2023-08-31T13:02:25.875092+00:00 DEBUG 'ansible_navigator.ui_framework.curses_window.__init__' self._ui_config: UIConfig(color=True, colors_initialized=True, grammar_dir=PosixPath('/usr/lib/python3.9/site-packages/ansible_navigator/data/grammar'), osc4=True, terminal_colors_path=PosixPath('/usr/lib/python3.9/site-packages/ansible_navigator/data/themes/terminal_colors.json'), theme_path=PosixPath('/usr/lib/python3.9/site-packages/ansible_navigator/data/themes/dark_vs.json'))
2023-08-31T13:02:27.772256+00:00 DEBUG 'ansible_navigator.actions.stdout.run' stdout requested
